2026-01-31 14:44:29,934 [INFO] Activator:176 - 


2026-01-31 14:44:29,940 [INFO] Activator:177 - !SESSION log4j initialized
2026-01-31 14:44:37,208 [INFO] LogOutputStream:77 - [STDOUT_REDIRECT] 
2026-01-31 14:44:45,936 [INFO] ApplicationProperties:184 - Using Application install path: C:\ST\STM32CubeIDE_1.15.1\STM32CubeIDE\plugins\com.st.stm32cube.common.mx_6.11.1.202404110753
2026-01-31 14:44:45,953 [INFO] DbMcusXml:78 - Set database path to: C:\ST\STM32CubeIDE_1.15.1\STM32CubeIDE\plugins\com.st.stm32cube.common.mx_6.11.1.202404110753\\db\/mcu/
2026-01-31 14:44:45,953 [INFO] ApiDb:274 - Set plugin database path to: C:\ST\STM32CubeIDE_1.15.1\STM32CubeIDE\plugins\com.st.stm32cube.common.mx_6.11.1.202404110753\\db\/plugins/boardmanager/
2026-01-31 14:44:45,955 [WARN] ApiDb:259 - Overriding images path with different value:  => C:\ST\STM32CubeIDE_1.15.1\STM32CubeIDE\plugins\com.st.stm32cube.common.mx_6.11.1.202404110753\\db\/plugins/mcufinder/images/
2026-01-31 14:44:45,962 [INFO] ApiDb:250 - Set database path to: C:\Users\veyre\.stmcufinder\plugins\mcufinder//mcu/
2026-01-31 14:44:45,963 [INFO] DbMcusAds:125 - Set database path to: C:\Users\veyre\.stmcufinder\plugins\mcufinder//mcu/
2026-01-31 14:44:45,964 [INFO] CrossReferenceDbSqlite:203 - Set database path to: C:\Users\veyre\.stmcufinder\plugins\mcufinder//mcu/cs/
2026-01-31 14:44:46,081 [INFO] RulesReader:64 - Compatibility file has been processed (297 Rules)
2026-01-31 14:44:46,167 [INFO] DbMcusXml:78 - Set database path to: C:\ST\STM32CubeIDE_1.15.1\STM32CubeIDE\plugins\com.st.stm32cube.common.mx_6.11.1.202404110753\\db\/mcu/
2026-01-31 14:44:46,167 [INFO] ApiDb:274 - Set plugin database path to: C:\ST\STM32CubeIDE_1.15.1\STM32CubeIDE\plugins\com.st.stm32cube.common.mx_6.11.1.202404110753\\db\/plugins/boardmanager/
2026-01-31 14:44:46,167 [INFO] ApiDb:261 - Set plugin images path to: C:\ST\STM32CubeIDE_1.15.1\STM32CubeIDE\plugins\com.st.stm32cube.common.mx_6.11.1.202404110753\\db\/plugins/mcufinder/images/
2026-01-31 14:44:46,168 [WARN] DbFile:41 - Overriding database path with different value: C:\Users\veyre\.stmcufinder\plugins\mcufinder/ => C:\Users\veyre\.stmcufinder\plugins\mcufinder
2026-01-31 14:44:46,168 [INFO] ApiDb:250 - Set database path to: C:\Users\veyre\.stmcufinder\plugins\mcufinder//mcu/
2026-01-31 14:44:46,168 [WARN] DbFile:41 - Overriding database path with different value: C:\Users\veyre\.stmcufinder\plugins\mcufinder/ => C:\Users\veyre\.stmcufinder\plugins\mcufinder
2026-01-31 14:44:46,168 [INFO] DbMcusAds:125 - Set database path to: C:\Users\veyre\.stmcufinder\plugins\mcufinder//mcu/
2026-01-31 14:44:46,168 [WARN] DbFile:41 - Overriding database path with different value: C:\Users\veyre\.stmcufinder\plugins\mcufinder/ => C:\Users\veyre\.stmcufinder\plugins\mcufinder
2026-01-31 14:44:46,168 [WARN] DbFile:41 - Overriding database path with different value: C:\Users\veyre\.stmcufinder\plugins\mcufinder/ => C:\Users\veyre\.stmcufinder\plugins\mcufinder
2026-01-31 14:44:46,168 [INFO] CrossReferenceDbSqlite:203 - Set database path to: C:\Users\veyre\.stmcufinder\plugins\mcufinder//mcu/cs/
2026-01-31 14:44:46,252 [INFO] MainPanel:264 - HeapMemory: 268435456
2026-01-31 14:44:46,373 [INFO] DbMcusXml:78 - Set database path to: C:\ST\STM32CubeIDE_1.15.1\STM32CubeIDE\plugins\com.st.stm32cube.common.mx_6.11.1.202404110753\\db\/mcu/
2026-01-31 14:44:46,374 [INFO] ApiDb:274 - Set plugin database path to: C:\ST\STM32CubeIDE_1.15.1\STM32CubeIDE\plugins\com.st.stm32cube.common.mx_6.11.1.202404110753\\db\/plugins/boardmanager/
2026-01-31 14:44:46,374 [INFO] ApiDb:261 - Set plugin images path to: C:\ST\STM32CubeIDE_1.15.1\STM32CubeIDE\plugins\com.st.stm32cube.common.mx_6.11.1.202404110753\\db\/plugins/mcufinder/images/
2026-01-31 14:44:46,374 [WARN] DbFile:41 - Overriding database path with different value: C:\Users\veyre\.stmcufinder\plugins\mcufinder/ => C:\Users\veyre\.stmcufinder\plugins\mcufinder
2026-01-31 14:44:46,374 [INFO] ApiDb:250 - Set database path to: C:\Users\veyre\.stmcufinder\plugins\mcufinder//mcu/
2026-01-31 14:44:46,375 [WARN] DbFile:41 - Overriding database path with different value: C:\Users\veyre\.stmcufinder\plugins\mcufinder/ => C:\Users\veyre\.stmcufinder\plugins\mcufinder
2026-01-31 14:44:46,375 [INFO] DbMcusAds:125 - Set database path to: C:\Users\veyre\.stmcufinder\plugins\mcufinder//mcu/
2026-01-31 14:44:46,375 [WARN] DbFile:41 - Overriding database path with different value: C:\Users\veyre\.stmcufinder\plugins\mcufinder/ => C:\Users\veyre\.stmcufinder\plugins\mcufinder
2026-01-31 14:44:46,375 [WARN] DbFile:41 - Overriding database path with different value: C:\Users\veyre\.stmcufinder\plugins\mcufinder/ => C:\Users\veyre\.stmcufinder\plugins\mcufinder
2026-01-31 14:44:46,375 [INFO] CrossReferenceDbSqlite:203 - Set database path to: C:\Users\veyre\.stmcufinder\plugins\mcufinder//mcu/cs/
2026-01-31 14:44:46,395 [INFO] ApplicationProperties:184 - Using Application install path: C:\ST\STM32CubeIDE_1.15.1\STM32CubeIDE\plugins\com.st.stm32cube.common.mx_6.11.1.202404110753
2026-01-31 14:44:46,397 [INFO] PluginManage:196 - Search for loadable plugins [exclusion list=, ]
2026-01-31 14:44:46,398 [INFO] PluginManage:310 - Check plugin analytics
2026-01-31 14:44:46,565 [INFO] AnalyticsPlugin:253 - Accepted Software Licenses: 
2026-01-31 14:44:46,565 [INFO] AnalyticsPlugin:255 - Accepted CMSIS Pack Licenses: 
2026-01-31 14:44:46,566 [INFO] AnalyticsPlugin:257 - Accepted Firmware Licenses: FW.F4.1.28.0
2026-01-31 14:44:46,569 [INFO] PluginManage:359 - Loaded plugin analytics (category:tool,tabindex:-1)
2026-01-31 14:44:46,569 [INFO] PluginManage:310 - Check plugin cadmodel
2026-01-31 14:44:46,591 [INFO] CADModel:105 - Init CAD model plugin
2026-01-31 14:44:46,591 [INFO] PluginManage:359 - Loaded plugin cadmodel (category:power,tabindex:5)
2026-01-31 14:44:46,591 [INFO] PluginManage:310 - Check plugin clock
2026-01-31 14:44:46,618 [INFO] PluginManage:359 - Loaded plugin clock (category:base,tabindex:2)
2026-01-31 14:44:46,618 [INFO] PluginManage:310 - Check plugin ddr
2026-01-31 14:44:46,621 [INFO] PluginManage:359 - Loaded plugin ddr (category:tool,tabindex:6)
2026-01-31 14:44:46,621 [INFO] PluginManage:310 - Check plugin filemanager
2026-01-31 14:44:46,764 [INFO] PluginManage:359 - Loaded plugin filemanager (category:base,tabindex:10)
2026-01-31 14:44:46,764 [INFO] PluginManage:310 - Check plugin ipmanager
2026-01-31 14:44:46,772 [INFO] PluginManage:359 - Loaded plugin ipmanager (category:base,tabindex:5)
2026-01-31 14:44:46,772 [INFO] PluginManage:310 - Check plugin lpbam
2026-01-31 14:44:46,792 [INFO] PluginManage:359 - Loaded plugin lpbam (category:base,tabindex:0)
2026-01-31 14:44:46,792 [INFO] PluginManage:310 - Check plugin memorymap
2026-01-31 14:44:46,818 [INFO] PluginManage:359 - Loaded plugin memorymap (category:base,tabindex:4)
2026-01-31 14:44:46,818 [INFO] PluginManage:310 - Check plugin pinoutandconfiguration
2026-01-31 14:44:46,836 [INFO] PluginManage:359 - Loaded plugin pinoutandconfiguration (category:base,tabindex:1)
2026-01-31 14:44:46,836 [INFO] PluginManage:310 - Check plugin pinoutconfig
2026-01-31 14:44:46,930 [WARN] SupportedApi:132 - Cannot load RTOS API schema: s4s-elt-must-match.1: The content of 'definitions' must match (annotation?, (simpleType | complexType)?, (unique | key | keyref)*)). A problem was found starting at: attribute.
2026-01-31 14:44:47,086 [INFO] PluginManage:359 - Loaded plugin pinoutconfig (category:base,tabindex:0)
2026-01-31 14:44:47,086 [INFO] PluginManage:310 - Check plugin power
2026-01-31 14:44:47,113 [INFO] PluginManage:359 - Loaded plugin power (category:power,tabindex:4)
2026-01-31 14:44:47,113 [INFO] PluginManage:310 - Check plugin projectmanager
2026-01-31 14:44:47,129 [INFO] PluginManage:359 - Loaded plugin projectmanager (category:projectmanager,tabindex:3)
2026-01-31 14:44:47,129 [INFO] PluginManage:310 - Check plugin thirdparty
2026-01-31 14:44:47,467 [INFO] PluginManage:359 - Loaded plugin thirdparty (category:base,tabindex:-1)
2026-01-31 14:44:47,467 [INFO] PluginManage:310 - Check plugin tools
2026-01-31 14:44:47,467 [WARN] IntegrityCheckThread:84 - waiting for thirdparty lock release [integrity check]
2026-01-31 14:44:47,467 [INFO] IntegrityCheckThread:86 - entering critical section [integrity check]
2026-01-31 14:44:47,467 [INFO] ThirdPartyUpdaterWithRetryManager:70 - Updater plugin not ready yet. [1/15]
2026-01-31 14:44:47,508 [INFO] PluginManage:359 - Loaded plugin tools (category:base,tabindex:7)
2026-01-31 14:44:47,509 [INFO] PluginManage:310 - Check plugin tutovideos
2026-01-31 14:44:47,687 [INFO] PluginManage:359 - Loaded plugin tutovideos (category:base,tabindex:-1)
2026-01-31 14:44:47,688 [INFO] PluginManage:310 - Check plugin updater
2026-01-31 14:44:47,698 [INFO] PluginManage:359 - Loaded plugin updater (category:base,tabindex:12)
2026-01-31 14:44:47,699 [INFO] PluginManage:310 - Check plugin userauth
2026-01-31 14:44:47,706 [INFO] UserAuth:114 - Init User Auth plugin
2026-01-31 14:44:47,707 [INFO] PluginManage:359 - Loaded plugin userauth (category:base,tabindex:14)
2026-01-31 14:44:47,707 [INFO] PluginManage:283 - PluginManage : Loaded plugins [17]
2026-01-31 14:44:47,998 [INFO] PinOutPanel:1561 - setPackage(No Configuration,No Configuration)
2026-01-31 14:44:48,102 [INFO] CADModel:165 - CPN selected for project level
2026-01-31 14:44:48,102 [INFO] CADModel:114 - Register for checkConnection events
2026-01-31 14:44:48,141 [INFO] IPUIPlugin:80 - create IPUIPlugin
2026-01-31 14:44:48,141 [INFO] PluginManager:220 - loadIPPluginJar : add adc
2026-01-31 14:44:48,186 [INFO] IPUIPlugin:80 - create IPUIPlugin
2026-01-31 14:44:48,186 [INFO] PluginManager:220 - loadIPPluginJar : add aes
2026-01-31 14:44:48,230 [INFO] IPUIPlugin:80 - create IPUIPlugin
2026-01-31 14:44:48,230 [INFO] PluginManager:220 - loadIPPluginJar : add can
2026-01-31 14:44:48,256 [INFO] IPUIPlugin:80 - create IPUIPlugin
2026-01-31 14:44:48,256 [INFO] PluginManager:220 - loadIPPluginJar : add comp
2026-01-31 14:44:48,292 [INFO] IPUIPlugin:80 - create IPUIPlugin
2026-01-31 14:44:48,292 [INFO] PluginManager:220 - loadIPPluginJar : add cryp
2026-01-31 14:44:48,327 [INFO] IPUIPlugin:80 - create IPUIPlugin
2026-01-31 14:44:48,328 [INFO] PluginManager:220 - loadIPPluginJar : add dfsdm
2026-01-31 14:44:48,350 [INFO] IPUIPlugin:80 - create IPUIPlugin
2026-01-31 14:44:48,350 [INFO] PluginManager:220 - loadIPPluginJar : add dma
2026-01-31 14:44:48,396 [INFO] IPUIPlugin:80 - create IPUIPlugin
2026-01-31 14:44:48,396 [INFO] PluginManager:220 - loadIPPluginJar : add dma3
2026-01-31 14:44:48,442 [INFO] IPUIPlugin:80 - create IPUIPlugin
2026-01-31 14:44:48,442 [INFO] PluginManager:220 - loadIPPluginJar : add extmemmanager
2026-01-31 14:44:48,464 [INFO] IPUIPlugin:80 - create IPUIPlugin
2026-01-31 14:44:48,464 [INFO] PluginManager:220 - loadIPPluginJar : add fatfs
2026-01-31 14:44:48,510 [INFO] IPUIPlugin:80 - create IPUIPlugin
2026-01-31 14:44:48,510 [INFO] PluginManager:220 - loadIPPluginJar : add fmc
2026-01-31 14:44:48,527 [INFO] IPUIPlugin:80 - create IPUIPlugin
2026-01-31 14:44:48,527 [INFO] PluginManager:220 - loadIPPluginJar : add freertos
2026-01-31 14:44:48,549 [INFO] IPUIPlugin:80 - create IPUIPlugin
2026-01-31 14:44:48,549 [INFO] PluginManager:220 - loadIPPluginJar : add genericplugin
2026-01-31 14:44:48,645 [INFO] IPUIPlugin:80 - create IPUIPlugin
2026-01-31 14:44:48,646 [INFO] PluginManager:220 - loadIPPluginJar : add gfxmmu
2026-01-31 14:44:48,788 [INFO] IPUIPlugin:80 - create IPUIPlugin
2026-01-31 14:44:48,788 [INFO] PluginManager:220 - loadIPPluginJar : add gic
2026-01-31 14:44:48,804 [INFO] IPUIPlugin:80 - create IPUIPlugin
2026-01-31 14:44:48,804 [INFO] PluginManager:220 - loadIPPluginJar : add gpio
2026-01-31 14:44:48,895 [INFO] IPUIPlugin:80 - create IPUIPlugin
2026-01-31 14:44:48,895 [INFO] PluginManager:220 - loadIPPluginJar : add gtzc
2026-01-31 14:44:48,929 [INFO] IPUIPlugin:80 - create IPUIPlugin
2026-01-31 14:44:48,929 [INFO] PluginManager:220 - loadIPPluginJar : add hash
2026-01-31 14:44:48,979 [INFO] IPUIPlugin:80 - create IPUIPlugin
2026-01-31 14:44:48,979 [INFO] PluginManager:220 - loadIPPluginJar : add i2c
2026-01-31 14:44:49,029 [INFO] IPUIPlugin:80 - create IPUIPlugin
2026-01-31 14:44:49,029 [INFO] PluginManager:220 - loadIPPluginJar : add i2s
2026-01-31 14:44:49,070 [INFO] IPUIPlugin:80 - create IPUIPlugin
2026-01-31 14:44:49,070 [INFO] PluginManager:220 - loadIPPluginJar : add i3c
2026-01-31 14:44:49,165 [INFO] IPUIPlugin:80 - create IPUIPlugin
2026-01-31 14:44:49,165 [INFO] PluginManager:220 - loadIPPluginJar : add ipddr
2026-01-31 14:44:49,256 [INFO] IPUIPlugin:80 - create IPUIPlugin
2026-01-31 14:44:49,257 [INFO] PluginManager:220 - loadIPPluginJar : add linkedlist
2026-01-31 14:44:49,292 [INFO] IPUIPlugin:80 - create IPUIPlugin
2026-01-31 14:44:49,293 [INFO] PluginManager:220 - loadIPPluginJar : add lorawan
2026-01-31 14:44:49,330 [INFO] IPUIPlugin:80 - create IPUIPlugin
2026-01-31 14:44:49,330 [INFO] PluginManager:220 - loadIPPluginJar : add ltdc
2026-01-31 14:44:49,350 [INFO] IPUIPlugin:80 - create IPUIPlugin
2026-01-31 14:44:49,350 [INFO] PluginManager:220 - loadIPPluginJar : add mdma
2026-01-31 14:44:49,365 [INFO] IPUIPlugin:80 - create IPUIPlugin
2026-01-31 14:44:49,365 [INFO] PluginManager:220 - loadIPPluginJar : add nvic
2026-01-31 14:44:49,406 [INFO] IPUIPlugin:80 - create IPUIPlugin
2026-01-31 14:44:49,406 [INFO] PluginManager:220 - loadIPPluginJar : add opamp
2026-01-31 14:44:49,467 [INFO] IPUIPlugin:80 - create IPUIPlugin
2026-01-31 14:44:49,467 [INFO] PluginManager:220 - loadIPPluginJar : add openamp
2026-01-31 14:44:49,517 [INFO] IPUIPlugin:80 - create IPUIPlugin
2026-01-31 14:44:49,518 [INFO] PluginManager:220 - loadIPPluginJar : add pdm2pcm
2026-01-31 14:44:49,532 [INFO] IPUIPlugin:80 - create IPUIPlugin
2026-01-31 14:44:49,534 [INFO] PluginManager:220 - loadIPPluginJar : add plateformsettings
2026-01-31 14:44:49,561 [INFO] IPUIPlugin:80 - create IPUIPlugin
2026-01-31 14:44:49,561 [INFO] PluginManager:220 - loadIPPluginJar : add quadspi
2026-01-31 14:44:49,576 [INFO] IPUIPlugin:80 - create IPUIPlugin
2026-01-31 14:44:49,577 [INFO] PluginManager:220 - loadIPPluginJar : add resmgrutility
2026-01-31 14:44:49,623 [INFO] IPUIPlugin:80 - create IPUIPlugin
2026-01-31 14:44:49,623 [INFO] PluginManager:220 - loadIPPluginJar : add sai
2026-01-31 14:44:49,659 [INFO] IPUIPlugin:80 - create IPUIPlugin
2026-01-31 14:44:49,659 [INFO] PluginManager:220 - loadIPPluginJar : add spi
2026-01-31 14:44:49,721 [INFO] IPUIPlugin:80 - create IPUIPlugin
2026-01-31 14:44:49,721 [INFO] PluginManager:220 - loadIPPluginJar : add stm32_wpan
2026-01-31 14:44:49,749 [INFO] IPUIPlugin:80 - create IPUIPlugin
2026-01-31 14:44:49,749 [INFO] PluginManager:220 - loadIPPluginJar : add tim
2026-01-31 14:44:49,807 [INFO] IPUIPlugin:80 - create IPUIPlugin
2026-01-31 14:44:49,807 [INFO] PluginManager:220 - loadIPPluginJar : add touchsensing
2026-01-31 14:44:49,830 [INFO] IPUIPlugin:80 - create IPUIPlugin
2026-01-31 14:44:49,830 [INFO] PluginManager:220 - loadIPPluginJar : add tracer_emb
2026-01-31 14:44:49,858 [INFO] IPUIPlugin:80 - create IPUIPlugin
2026-01-31 14:44:49,858 [INFO] PluginManager:220 - loadIPPluginJar : add ts
2026-01-31 14:44:49,883 [INFO] IPUIPlugin:80 - create IPUIPlugin
2026-01-31 14:44:49,883 [INFO] PluginManager:220 - loadIPPluginJar : add tsc
2026-01-31 14:44:49,907 [INFO] IPUIPlugin:80 - create IPUIPlugin
2026-01-31 14:44:49,907 [INFO] PluginManager:220 - loadIPPluginJar : add ucpd
2026-01-31 14:44:49,949 [INFO] IPUIPlugin:80 - create IPUIPlugin
2026-01-31 14:44:49,949 [INFO] PluginManager:220 - loadIPPluginJar : add usart
2026-01-31 14:44:49,992 [INFO] IPUIPlugin:80 - create IPUIPlugin
2026-01-31 14:44:49,992 [INFO] PluginManager:220 - loadIPPluginJar : add usbx
2026-01-31 14:44:50,112 [INFO] CADModel:165 - CPN selected for project level
2026-01-31 14:44:50,112 [INFO] CADModel:114 - Register for checkConnection events
2026-01-31 14:44:50,112 [FATAL] Updater:308 - Updater called before beeing initialized
2026-01-31 14:44:50,112 [ERROR] CADModel:125 - Updater not yet initialized, retry later 
2026-01-31 14:44:50,231 [INFO] CADModel:165 - CPN selected for project level
2026-01-31 14:44:50,232 [INFO] CADModel:114 - Register for checkConnection events
2026-01-31 14:44:50,232 [FATAL] Updater:308 - Updater called before beeing initialized
2026-01-31 14:44:50,232 [ERROR] CADModel:125 - Updater not yet initialized, retry later 
2026-01-31 14:44:50,234 [FATAL] Updater:308 - Updater called before beeing initialized
2026-01-31 14:44:50,340 [FATAL] Updater:308 - Updater called before beeing initialized
2026-01-31 14:44:50,352 [INFO] DbMcusAds:53 - JSON generation date=Thu Jan 08 18:57:51 TRT 2026 (1767887871456)
2026-01-31 14:44:50,352 [FATAL] Updater:308 - Updater called before beeing initialized
2026-01-31 14:44:50,432 [WARN] DetailPanel:346 - Failed to get advertising image, set to default
2026-01-31 14:44:50,471 [INFO] ThirdPartyUpdaterWithRetryManager:70 - Updater plugin not ready yet. [2/15]
2026-01-31 14:44:50,497 [FATAL] Updater:308 - Updater called before beeing initialized
2026-01-31 14:44:50,500 [FATAL] Updater:308 - Updater called before beeing initialized
2026-01-31 14:44:50,500 [FATAL] Updater:308 - Updater called before beeing initialized
2026-01-31 14:44:50,500 [WARN] DetailPanel:346 - Failed to get advertising image, set to default
2026-01-31 14:44:50,501 [FATAL] Updater:308 - Updater called before beeing initialized
2026-01-31 14:44:50,561 [ERROR] Updater:1120 - MainUpdater not yet initialized. External WinMGr cannot be set.
2026-01-31 14:44:50,574 [INFO] Updater:1056 - Updater Version found : 6.11.1
2026-01-31 14:44:50,592 [INFO] ApplicationProperties:184 - Using Application install path: C:\ST\STM32CubeIDE_1.15.1\STM32CubeIDE\plugins\com.st.stm32cube.common.mx_6.11.1.202404110753
2026-01-31 14:44:52,178 [ERROR] LogOutputStream:75 - [STDERR_REDIRECT] Jan 31, 2026 2:44:52 PM java.util.prefs.WindowsPreferences <init>
2026-01-31 14:44:52,179 [ERROR] LogOutputStream:75 - [STDERR_REDIRECT] WARNING: Could not open/create prefs root node Software\JavaSoft\Prefs at root 0xffffffff80000002. Windows RegCreateKeyEx(...) returned error code 5.
2026-01-31 14:44:52,180 [ERROR] LogOutputStream:75 - [STDERR_REDIRECT] 
2026-01-31 14:44:52,550 [INFO] MainUpdater:2873 - connection check result : 10
2026-01-31 14:44:52,551 [INFO] MainUpdater:290 - Updater Check For Update Now.
2026-01-31 14:44:52,551 [INFO] MicroXplorer:498 - Change Database Version : DB.6.0.111
2026-01-31 14:44:52,569 [INFO] McuFinderGlobals:63 - Set McuFinder mode to 2 (CubeIDE integrated)
2026-01-31 14:44:52,582 [INFO] UserAuth:415 - Internet connection configuration mode: 1
2026-01-31 14:44:52,621 [INFO] JxBrowserEngine:152 - Initiate JxBrowser Engine with user profile folder
2026-01-31 14:44:52,772 [INFO] CheckServerUpdateThread:120 - End of CheckServer Thread
2026-01-31 14:44:53,712 [WARN] PackLoader:240 - Cannot read IP mode file for STMicroelectronics.FP-SNS-MOTENVWB1.1.4.0
2026-01-31 14:44:53,728 [WARN] PackLoader:240 - Cannot read IP mode file for STMicroelectronics.FP-ATR-ASTRA1.2.0.2
2026-01-31 14:44:53,744 [WARN] PackLoader:240 - Cannot read IP mode file for STMicroelectronics.X-CUBE-SMBUS.2.1.0
2026-01-31 14:44:53,796 [WARN] PackLoader:240 - Cannot read IP mode file for STMicroelectronics.X-CUBE-AZRTOS-F7.1.1.0
2026-01-31 14:44:53,814 [ERROR] Engine:466 - C:\Users\veyre\.stm32cubemx\thirdparties\pdsc\STMicroelectronics.FP-SNS-MOTENV1.5.1.0.pdsc: PDSC version is not supported
2026-01-31 14:44:53,830 [ERROR] Engine:466 - C:\Users\veyre\.stm32cubemx\thirdparties\pdsc\WES.I-CUBE-Cesium.1.4.0.pdsc: PDSC version is not supported
2026-01-31 14:44:53,872 [WARN] PackLoader:240 - Cannot read IP mode file for STMicroelectronics.X-CUBE-AZRTOS-H7.3.4.0
2026-01-31 14:44:53,897 [WARN] PackLoader:240 - Cannot read IP mode file for STMicroelectronics.X-CUBE-DISPLAY.3.0.0
2026-01-31 14:44:53,928 [WARN] PackLoader:240 - Cannot read IP mode file for STMicroelectronics.X-CUBE-NFC10.1.0.0
2026-01-31 14:44:53,949 [ERROR] Engine:466 - C:\Users\veyre\.stm32cubemx\thirdparties\pdsc\STMicroelectronics.X-CUBE-ST60.1.1.0.pdsc: PDSC version is not supported
2026-01-31 14:44:53,983 [WARN] PackLoader:240 - Cannot read IP mode file for emotas.I-CUBE-CANOPEN.1.3.0
2026-01-31 14:44:54,008 [WARN] PackLoader:240 - Cannot read IP mode file for STMicroelectronics.X-CUBE-GNSS1.7.1.0
2026-01-31 14:44:54,029 [ERROR] Engine:466 - C:\Users\veyre\.stm32cubemx\thirdparties\pdsc\STMicroelectronics.FP-SNS-STBOX1.2.1.0.pdsc: PDSC version is not supported
2026-01-31 14:44:54,043 [WARN] PackLoader:240 - Cannot read IP mode file for STMicroelectronics.FP-SNS-SMARTAG2.1.2.0
2026-01-31 14:44:54,055 [ERROR] Engine:466 - C:\Users\veyre\.stm32cubemx\thirdparties\pdsc\STMicroelectronics.FP-SNS-FLIGHT1.5.1.0.pdsc: PDSC version is not supported
2026-01-31 14:44:54,073 [INFO] LogOutputStream:77 - [STDOUT_REDIRECT] 1 : Invalid condition id : UX_CORESTACK_Condition cause : null
2026-01-31 14:44:54,074 [INFO] LogOutputStream:77 - [STDOUT_REDIRECT] 1 : Invalid condition id : UX_CORESTACK_Condition cause : null
2026-01-31 14:44:54,075 [INFO] LogOutputStream:77 - [STDOUT_REDIRECT] 1 : Invalid condition id : UX_CORESTACK_Condition cause : null
2026-01-31 14:44:54,076 [INFO] LogOutputStream:77 - [STDOUT_REDIRECT] 1 : Invalid condition id : UX_CORESTACK_Condition cause : null
2026-01-31 14:44:54,077 [INFO] LogOutputStream:77 - [STDOUT_REDIRECT] 1 : Invalid condition id : UX_CORESTACK_Condition cause : null
2026-01-31 14:44:54,080 [WARN] PackLoader:240 - Cannot read IP mode file for STMicroelectronics.X-CUBE-AZRTOS-WL.2.0.0
2026-01-31 14:44:54,110 [WARN] PackLoader:240 - Cannot read IP mode file for STMicroelectronics.X-CUBE-AZRTOS-H7RS.1.2.0
2026-01-31 14:44:54,126 [WARN] PackLoader:240 - Cannot read IP mode file for STMicroelectronics.X-CUBE-BLE2.3.3.0
2026-01-31 14:44:54,136 [ERROR] Engine:466 - C:\Users\veyre\.stm32cubemx\thirdparties\pdsc\Avnet-IOTCONNECT.X-CUBE-iotc-st67-sdk.1.0.0.pdsc: PDSC version is not supported
2026-01-31 14:44:54,163 [WARN] PackLoader:240 - Cannot read IP mode file for Infineon.AIROC-Wi-Fi-Bluetooth-STM32.1.8.0
2026-01-31 14:44:54,187 [WARN] PackLoader:240 - Cannot read IP mode file for STMicroelectronics.X-CUBE-NFC9.1.0.0
2026-01-31 14:44:54,203 [WARN] PackLoader:240 - Cannot read IP mode file for STMicroelectronics.X-CUBE-BLE1.7.1.0
2026-01-31 14:44:54,220 [WARN] PackLoader:240 - Cannot read IP mode file for wolfSSL.I-CUBE-wolfMQTT.1.19.2
2026-01-31 14:44:54,235 [ERROR] Engine:466 - C:\Users\veyre\.stm32cubemx\thirdparties\pdsc\STMicroelectronics.X-CUBE-FREERTOS.1.4.0.pdsc: PDSC version is not supported
2026-01-31 14:44:54,250 [WARN] PackLoader:240 - Cannot read IP mode file for STMicroelectronics.X-CUBE-EEPRMA1.5.2.0
2026-01-31 14:44:54,267 [WARN] PackLoader:240 - Cannot read IP mode file for wolfSSL.I-CUBE-wolfSSL.5.8.4
2026-01-31 14:44:54,282 [ERROR] Engine:466 - C:\Users\veyre\.stm32cubemx\thirdparties\pdsc\Cesanta.I-CUBE-Mongoose.7.20.0.pdsc: PDSC version is not supported
2026-01-31 14:44:54,342 [WARN] PackLoader:240 - Cannot read IP mode file for STMicroelectronics.X-CUBE-MEMS1.12.0.0
2026-01-31 14:44:54,477 [WARN] PackLoader:240 - Cannot read IP mode file for STMicroelectronics.X-CUBE-AZRTOS-G0.1.1.0
2026-01-31 14:44:54,495 [WARN] PackLoader:240 - Cannot read IP mode file for STMicroelectronics.X-CUBE-NFC4.3.0.0
2026-01-31 14:44:54,515 [WARN] PackLoader:240 - Cannot read IP mode file for EmbeddedOffice.I-CUBE-FS-RTOS.1.0.1
2026-01-31 14:44:54,515 [ERROR] ConditionMgr:805 - Attr not supported : Dmpu
2026-01-31 14:44:54,515 [ERROR] ConditionMgr:805 - Attr not supported : Dmpu
2026-01-31 14:44:54,515 [ERROR] ConditionMgr:805 - Attr not supported : Dmpu
2026-01-31 14:44:54,516 [ERROR] ConditionMgr:805 - Attr not supported : Dmpu
2026-01-31 14:44:54,516 [ERROR] ConditionMgr:805 - Attr not supported : Dmpu
2026-01-31 14:44:54,516 [ERROR] ConditionMgr:805 - Attr not supported : Dmpu
2026-01-31 14:44:54,516 [ERROR] ConditionMgr:805 - Attr not supported : Dmpu
2026-01-31 14:44:54,516 [ERROR] ConditionMgr:805 - Attr not supported : Dmpu
2026-01-31 14:44:54,516 [ERROR] ConditionMgr:805 - Attr not supported : Dmpu
2026-01-31 14:44:54,516 [ERROR] ConditionMgr:805 - Attr not supported : Dmpu
2026-01-31 14:44:54,516 [ERROR] ConditionMgr:805 - Attr not supported : Dmpu
2026-01-31 14:44:54,516 [ERROR] ConditionMgr:805 - Attr not supported : Dmpu
2026-01-31 14:44:54,516 [ERROR] ConditionMgr:805 - Attr not supported : Dmpu
2026-01-31 14:44:54,516 [ERROR] ConditionMgr:805 - Attr not supported : Dmpu
2026-01-31 14:44:54,516 [ERROR] ConditionMgr:805 - Attr not supported : Dmpu
2026-01-31 14:44:54,516 [ERROR] ConditionMgr:805 - Attr not supported : Dmpu
2026-01-31 14:44:54,516 [ERROR] ConditionMgr:805 - Attr not supported : Dmpu
2026-01-31 14:44:54,516 [ERROR] ConditionMgr:805 - Attr not supported : Dmpu
2026-01-31 14:44:54,516 [ERROR] ConditionMgr:805 - Attr not supported : Dmpu
2026-01-31 14:44:54,516 [ERROR] ConditionMgr:805 - Attr not supported : Dmpu
2026-01-31 14:44:54,516 [ERROR] ConditionMgr:805 - Attr not supported : Dmpu
2026-01-31 14:44:54,517 [ERROR] ConditionMgr:805 - Attr not supported : Dmpu
2026-01-31 14:44:54,517 [ERROR] ConditionMgr:805 - Attr not supported : Dmpu
2026-01-31 14:44:54,517 [ERROR] ConditionMgr:805 - Attr not supported : Dmpu
2026-01-31 14:44:54,517 [ERROR] ConditionMgr:805 - Attr not supported : Dmpu
2026-01-31 14:44:54,517 [ERROR] ConditionMgr:805 - Attr not supported : Dmpu
2026-01-31 14:44:54,517 [ERROR] ConditionMgr:805 - Attr not supported : Dmpu
2026-01-31 14:44:54,517 [ERROR] ConditionMgr:805 - Attr not supported : Dmpu
2026-01-31 14:44:54,517 [ERROR] ConditionMgr:805 - Attr not supported : Dmpu
2026-01-31 14:44:54,517 [ERROR] ConditionMgr:805 - Attr not supported : Dmpu
2026-01-31 14:44:54,517 [ERROR] ConditionMgr:805 - Attr not supported : Dmpu
2026-01-31 14:44:54,517 [ERROR] ConditionMgr:805 - Attr not supported : Dmpu
2026-01-31 14:44:54,517 [ERROR] ConditionMgr:805 - Attr not supported : Dmpu
2026-01-31 14:44:54,517 [ERROR] ConditionMgr:805 - Attr not supported : Dmpu
2026-01-31 14:44:54,517 [ERROR] ConditionMgr:805 - Attr not supported : Dmpu
2026-01-31 14:44:54,517 [ERROR] ConditionMgr:805 - Attr not supported : Dmpu
2026-01-31 14:44:54,517 [ERROR] ConditionMgr:805 - Attr not supported : Dmpu
2026-01-31 14:44:54,517 [ERROR] ConditionMgr:805 - Attr not supported : Dmpu
2026-01-31 14:44:54,517 [ERROR] ConditionMgr:805 - Attr not supported : Dmpu
2026-01-31 14:44:54,517 [ERROR] ConditionMgr:805 - Attr not supported : Dmpu
2026-01-31 14:44:54,517 [ERROR] ConditionMgr:805 - Attr not supported : Dmpu
2026-01-31 14:44:54,517 [ERROR] ConditionMgr:805 - Attr not supported : Dmpu
2026-01-31 14:44:54,517 [ERROR] ConditionMgr:805 - Attr not supported : Dmpu
2026-01-31 14:44:54,517 [ERROR] ConditionMgr:805 - Attr not supported : Dmpu
2026-01-31 14:44:54,517 [ERROR] ConditionMgr:805 - Attr not supported : Dmpu
2026-01-31 14:44:54,518 [ERROR] ConditionMgr:805 - Attr not supported : Dmpu
2026-01-31 14:44:54,518 [ERROR] ConditionMgr:805 - Attr not supported : Dmpu
2026-01-31 14:44:54,518 [ERROR] ConditionMgr:805 - Attr not supported : Dmpu
2026-01-31 14:44:54,518 [ERROR] ConditionMgr:805 - Attr not supported : Dmpu
2026-01-31 14:44:54,518 [ERROR] ConditionMgr:805 - Attr not supported : Dmpu
2026-01-31 14:44:54,518 [ERROR] ConditionMgr:805 - Attr not supported : Dmpu
2026-01-31 14:44:54,518 [ERROR] ConditionMgr:805 - Attr not supported : Dmpu
2026-01-31 14:44:54,518 [ERROR] ConditionMgr:805 - Attr not supported : Dmpu
2026-01-31 14:44:54,518 [ERROR] ConditionMgr:805 - Attr not supported : Dmpu
2026-01-31 14:44:54,518 [ERROR] ConditionMgr:805 - Attr not supported : Dmpu
2026-01-31 14:44:54,518 [ERROR] ConditionMgr:805 - Attr not supported : Dmpu
2026-01-31 14:44:54,518 [ERROR] ConditionMgr:805 - Attr not supported : Dmpu
2026-01-31 14:44:54,518 [ERROR] ConditionMgr:805 - Attr not supported : Dmpu
2026-01-31 14:44:54,518 [ERROR] ConditionMgr:805 - Attr not supported : Dmpu
2026-01-31 14:44:54,518 [ERROR] ConditionMgr:805 - Attr not supported : Dmpu
2026-01-31 14:44:54,518 [ERROR] ConditionMgr:805 - Attr not supported : Dmpu
2026-01-31 14:44:54,518 [ERROR] ConditionMgr:805 - Attr not supported : Dmpu
2026-01-31 14:44:54,518 [ERROR] ConditionMgr:805 - Attr not supported : Dmpu
2026-01-31 14:44:54,518 [ERROR] ConditionMgr:805 - Attr not supported : Dmpu
2026-01-31 14:44:54,534 [WARN] PackLoader:240 - Cannot read IP mode file for STMicroelectronics.X-CUBE-WB05N.2.0.0
2026-01-31 14:44:54,548 [WARN] PackLoader:240 - Cannot read IP mode file for wolfSSL.I-CUBE-wolfTPM.3.8.0
2026-01-31 14:44:54,562 [ERROR] Engine:466 - C:\Users\veyre\.stm32cubemx\thirdparties\pdsc\STMicroelectronics.X-CUBE-TCPP.4.2.0.pdsc: PDSC version is not supported
2026-01-31 14:44:54,578 [WARN] PackLoader:240 - Cannot read IP mode file for RealThread.X-CUBE-RT-Thread_Nano.4.1.1
2026-01-31 14:44:54,599 [WARN] PackLoader:240 - Cannot read IP mode file for STMicroelectronics.FP-ATR-SIGFOX1.3.2.0
2026-01-31 14:44:54,615 [WARN] PackLoader:240 - Cannot read IP mode file for ITTIA_DB.I-CUBE-ITTIADB.8.9.0
2026-01-31 14:44:54,633 [WARN] PackLoader:240 - Cannot read IP mode file for STMicroelectronics.X-CUBE-NFC6.3.2.0
2026-01-31 14:44:54,654 [WARN] PackLoader:240 - Cannot read IP mode file for STMicroelectronics.X-CUBE-AI.10.2.0
2026-01-31 14:44:54,690 [WARN] PackLoader:240 - Cannot read IP mode file for SEGGER.I-CUBE-embOS.1.3.1
2026-01-31 14:44:54,734 [WARN] PackLoader:240 - Cannot read IP mode file for STMicroelectronics.X-CUBE-ALGOBUILD.1.4.0
2026-01-31 14:44:54,749 [WARN] PackLoader:240 - Cannot read IP mode file for STMicroelectronics.X-CUBE-PM33A1.1.0.0
2026-01-31 14:44:54,775 [WARN] PackLoader:240 - Cannot read IP mode file for STMicroelectronics.X-CUBE-AZRTOS-F4.1.1.0
2026-01-31 14:44:54,796 [WARN] PackLoader:240 - Cannot read IP mode file for STMicroelectronics.X-CUBE-ISPU.2.1.0
2026-01-31 14:44:54,812 [ERROR] Engine:466 - C:\Users\veyre\.stm32cubemx\thirdparties\pdsc\STMicroelectronics.X-CUBE-IPS.3.2.0.pdsc: PDSC version is not supported
2026-01-31 14:44:54,832 [WARN] PackLoader:240 - Cannot read IP mode file for STMicroelectronics.X-CUBE-NFC12.1.0.0
2026-01-31 14:44:54,867 [WARN] PackLoader:240 - Cannot read IP mode file for STMicroelectronics.X-CUBE-AZRTOS-L5.2.0.0
2026-01-31 14:44:54,889 [WARN] PackLoader:240 - Cannot read IP mode file for STMicroelectronics.X-CUBE-TOUCHGFX.4.26.0
2026-01-31 14:44:54,903 [ERROR] Engine:466 - C:\Users\veyre\.stm32cubemx\thirdparties\pdsc\STMicroelectronics.FP-SNS-STAIOTCFT.1.0.0.pdsc: PDSC version is not supported
2026-01-31 14:44:54,918 [WARN] PackLoader:240 - Cannot read IP mode file for STMicroelectronics.X-CUBE-DPower.1.3.0
2026-01-31 14:44:54,948 [WARN] ConditionMgr:438 - getConditionDescription Invalid condition id : LAN8742 Phy interface Condition cause : null
2026-01-31 14:44:54,949 [WARN] PackLoader:240 - Cannot read IP mode file for STMicroelectronics.X-CUBE-AZRTOS-L4.2.0.0
2026-01-31 14:44:54,950 [WARN] ConditionMgr:1039 - genDependencies : Invalid condition id : LAN8742 Phy interface Condition cause : null
2026-01-31 14:44:54,951 [WARN] ConditionMgr:1039 - genDependencies : Invalid condition id : LAN8742 Phy interface Condition cause : null
2026-01-31 14:44:54,951 [WARN] ConditionMgr:1039 - genDependencies : Invalid condition id : LAN8742 Phy interface Condition cause : null
2026-01-31 14:44:54,970 [WARN] PackLoader:240 - Cannot read IP mode file for STMicroelectronics.X-CUBE-SFXS2LP1.4.0.0
2026-01-31 14:44:54,987 [ERROR] Engine:466 - C:\Users\veyre\.stm32cubemx\thirdparties\pdsc\STMicroelectronics.X-CUBE-ST67W61.1.2.0.pdsc: PDSC version is not supported
2026-01-31 14:44:55,007 [ERROR] Engine:466 - C:\Users\veyre\.stm32cubemx\thirdparties\pdsc\STMicroelectronics.X-CUBE-BLEMGR.4.1.0.pdsc: PDSC version is not supported
2026-01-31 14:44:55,040 [WARN] ConditionMgr:438 - getConditionDescription Invalid condition id : UX DEVICE CLASS RTOS Condition cause : null
2026-01-31 14:44:55,040 [WARN] ConditionMgr:438 - getConditionDescription Invalid condition id : UX DEVICE CLASS RTOS Condition cause : null
2026-01-31 14:44:55,042 [WARN] PackLoader:240 - Cannot read IP mode file for STMicroelectronics.X-CUBE-AZRTOS-WB.2.0.0
2026-01-31 14:44:55,042 [WARN] ConditionMgr:1039 - genDependencies : Invalid condition id : UX DEVICE CLASS RTOS Condition cause : null
2026-01-31 14:44:55,042 [WARN] ConditionMgr:1039 - genDependencies : Invalid condition id : UX DEVICE CLASS RTOS Condition cause : null
2026-01-31 14:44:55,043 [WARN] ConditionMgr:1039 - genDependencies : Invalid condition id : UX DEVICE CLASS RTOS Condition cause : null
2026-01-31 14:44:55,043 [WARN] ConditionMgr:1039 - genDependencies : Invalid condition id : UX DEVICE CLASS RTOS Condition cause : null
2026-01-31 14:44:55,043 [WARN] ConditionMgr:1039 - genDependencies : Invalid condition id : UX DEVICE CLASS RTOS Condition cause : null
2026-01-31 14:44:55,062 [WARN] ConditionMgr:438 - getConditionDescription Invalid condition id : Cortex-A Device cause : null
2026-01-31 14:44:55,088 [WARN] ConditionMgr:1039 - genDependencies : Invalid condition id : Cortex-A Device cause : null
2026-01-31 14:44:55,088 [WARN] ConditionMgr:1039 - genDependencies : Invalid condition id : Cortex-A Device cause : null
2026-01-31 14:44:55,088 [WARN] ConditionMgr:1039 - genDependencies : Invalid condition id : Cortex-A Device cause : null
2026-01-31 14:44:55,105 [WARN] PackLoader:240 - Cannot read IP mode file for STMicroelectronics.X-CUBE-STSE01.2.0.0
2026-01-31 14:44:55,125 [WARN] PackLoader:240 - Cannot read IP mode file for STMicroelectronics.X-CUBE-SUBG2.5.0.0
2026-01-31 14:44:55,171 [WARN] PackLoader:240 - Cannot read IP mode file for STMicroelectronics.X-CUBE-AZRTOS-G4.2.0.0
2026-01-31 14:44:55,192 [WARN] PackLoader:240 - Cannot read IP mode file for wolfSSL.I-CUBE-wolfSSH.1.4.20
2026-01-31 14:44:55,211 [WARN] PackLoader:240 - Cannot read IP mode file for STMicroelectronics.X-CUBE-NFC7.2.0.0
2026-01-31 14:44:55,238 [WARN] PackLoader:240 - Cannot read IP mode file for STMicroelectronics.X-CUBE-ALS.1.0.2
2026-01-31 14:44:55,253 [ERROR] Engine:466 - C:\Users\veyre\.stm32cubemx\thirdparties\pdsc\STMicroelectronics.X-CUBE-TOF1.3.4.3.pdsc: PDSC version is not supported
2026-01-31 14:44:55,254 [INFO] ThirdParty:978 - Integrity check success = true
2026-01-31 14:44:55,254 [INFO] IntegrityCheckThread:100 - exiting critical section [integrity check]
2026-01-31 14:44:55,254 [INFO] IntegrityCheckThread:103 - End integrity checks thread
2026-01-31 14:44:57,257 [INFO] WebApp:161 - Instantiating new browser for Auth
2026-01-31 14:44:57,793 [INFO] WebApp:779 - Register for checkConnection events
2026-01-31 14:44:57,793 [INFO] WebApp:414 - Apply proxy settings
2026-01-31 14:44:57,793 [INFO] WebApp:499 - Chromium requires no authentication
2026-01-31 14:44:57,800 [INFO] WebApp:442 - Direct internet connection detected
2026-01-31 14:44:57,960 [INFO] WebApp:192 - Starting web application
2026-01-31 14:44:57,960 [INFO] WebApp:544 - Web application path used C:\ST\STM32CubeIDE_1.15.1\STM32CubeIDE\plugins\com.st.stm32cube.common.mx_6.11.1.202404110753\db\plugins\mcufinder\reactClient1\index.html
2026-01-31 15:01:00,812 [INFO] McuFinderGlobals:63 - Set McuFinder mode to 2 (CubeIDE integrated)
2026-01-31 15:01:00,843 [INFO] MainUpdater:2873 - connection check result : 10
2026-01-31 15:01:00,875 [INFO] McuFinderGlobals:76 - Set McuFinderConnectedMode to true
2026-01-31 15:01:01,158 [INFO] ServerAccessManage:473 - Download File mcusAds.json._tmp_
2026-01-31 15:01:01,270 [INFO] LoadUrlFilesThread:156 - End of LoadUrlFiles Thread
2026-01-31 15:01:01,709 [INFO] ServerAccessManage:473 - Download File cube-finder-db.zip
2026-01-31 15:01:05,628 [INFO] FileExtend:240 - Unzip File : cube-finder-db.zip
2026-01-31 15:01:05,628 [INFO] FileExtend:255 - Standard Zip Deflate
2026-01-31 15:01:06,421 [INFO] LoadUrlFilesThread:156 - End of LoadUrlFiles Thread
2026-01-31 15:01:06,854 [INFO] ServerAccessManage:473 - Download File crdb.zip
2026-01-31 15:01:07,246 [INFO] FileExtend:240 - Unzip File : crdb.zip
2026-01-31 15:01:07,247 [INFO] FileExtend:255 - Standard Zip Deflate
2026-01-31 15:01:07,388 [INFO] LoadUrlFilesThread:156 - End of LoadUrlFiles Thread
2026-01-31 15:01:07,608 [INFO] ServerAccessManage:473 - Download File tutoVideoDB.zip
2026-01-31 15:01:07,621 [INFO] FileExtend:240 - Unzip File : tutoVideoDB.zip
2026-01-31 15:01:07,621 [INFO] FileExtend:255 - Standard Zip Deflate
2026-01-31 15:01:07,744 [INFO] LoadUrlFilesThread:156 - End of LoadUrlFiles Thread
2026-01-31 15:01:07,746 [WARN] DbFile:41 - Overriding database path with different value: C:\Users\veyre\.stmcufinder\plugins\mcufinder/ => C:\Users\veyre\.stmcufinder\plugins\mcufinder
2026-01-31 15:01:07,932 [INFO] ServerAccessManage:473 - Download File api_config.json
2026-01-31 15:01:08,044 [INFO] LoadUrlFilesThread:156 - End of LoadUrlFiles Thread
2026-01-31 15:01:08,046 [INFO] DbMcusAds:53 - JSON generation date=Thu Jan 08 18:57:51 TRT 2026 (1767887871456)
2026-01-31 15:01:08,067 [INFO] LoadUrlFilesThread:185 - End of LoadServerUrlFiles without Thread
2026-01-31 15:01:08,069 [INFO] TargetSelectorAdapter:259 - Refresh data is successful
2026-01-31 15:01:08,202 [INFO] ApiDb:581 - Connected to CubeFinder SQLite database (C:\Users\veyre\.stmcufinder\plugins\mcufinder\mcu\cube-finder-db.db)
2026-01-31 15:01:08,257 [INFO] ApiDb:668 - CubeFinder database Data Model version=2.1
2026-01-31 15:01:08,257 [INFO] ApiDb:669 - CubeFinder database Configuration version=3.0.39
2026-01-31 15:01:08,258 [INFO] ApiDb:670 - CubeFinder database generation date=2025-12-22 (1766407740)
2026-01-31 15:01:08,258 [INFO] ApiDb:671 - CubeFinder database FW Pack versions=[FP-ATR-ASTRA1_V2.0.0, FP-SNS-FLIGHT1_V5.1.0, FP-SNS-MOTENV1_V5.1.0, FP-SNS-MOTENVWB1_V1.4.0, FP-SNS-SMARTAG2_V1.2.0, FP-SNS-STBOX1_V2.1.0, STM32Cube_FW_C0_V1.4.0, STM32Cube_FW_F4_V1.28.3, STM32Cube_FW_F7_V1.17.4, STM32Cube_FW_G0_V1.6.2, STM32Cube_FW_G4_V1.6.1, STM32Cube_FW_H5_V1.5.1, STM32Cube_FW_H7RS_V1.3.0, STM32Cube_FW_H7_V1.12.1, STM32Cube_FW_L0_V1.12.2, STM32Cube_FW_L4_V1.18.1, STM32Cube_FW_L5_V1.6.0, STM32Cube_FW_N6_V1.3.0, STM32Cube_FW_U0_V1.3.0, STM32Cube_FW_U3_V1.2.1, STM32Cube_FW_U5_V1.8.0, STM32Cube_FW_WB0_V1.4.0, STM32Cube_FW_WBA_V1.8.0, STM32Cube_FW_WB_V1.24.0, STM32Cube_FW_WL3_V1.3.0, STM32Cube_FW_WL_V1.4.0, X-CUBE-ALGOBUILD_V1.4.0, X-CUBE-ALS_V1.0.2, X-CUBE-AZRTOS-F4_V1.1.0, X-CUBE-AZRTOS-F7_V1.1.0, X-CUBE-AZRTOS-G0_V1.1.0, X-CUBE-AZRTOS-G4_V2.0.0, X-CUBE-AZRTOS-H7RS_V1.1.0, X-CUBE-AZRTOS-H7_V3.4.0, X-CUBE-AZRTOS-L4_V2.0.0, X-CUBE-AZRTOS-L5_V2.0.0, X-CUBE-AZRTOS-WB_V2.0.0, X-CUBE-AZRTOS-WL_V2.0.0, X-CUBE-BLE1_V7.1.0, X-CUBE-BLE2_V3.3.0, X-CUBE-BLEMGR_V4.1.0, X-CUBE-EEPRMA1_V5.2.0, X-CUBE-FREERTOS_V1.3.1, X-CUBE-GNSS1_V6.0.0, X-CUBE-MEMS1_V12.0.0, X-CUBE-NFC4_V3.0.0, X-CUBE-NFC7_V2.0.0, X-CUBE-SFXS2LP1_V4.0.0, X-CUBE-ST67W61_V1.1.0, X-CUBE-SUBG2_V5.0.0, X-CUBE-TOF1_V3.4.3]
2026-01-31 15:01:09,902 [INFO] ApiDb:240 - Found 483 in-development CPN: [B-G473E-ZEST1S, B-WB1M-WPAN1, B-WL5M-SUBG1, NUCLEO-C031C6, NUCLEO-H503RB, NUCLEO-H533RE, NUCLEO-H563ZI, NUCLEO-H7S3L8, NUCLEO-U031R8, NUCLEO-U083RC, NUCLEO-U545RE-Q, NUCLEO-U5A5ZJ-Q, NUCLEO-WBA52CG, NUCLEO-WBA55CG, STEVAL-PROTEUS1, STEVAL-SMARTAG2, STEVAL-STWINBX1, STM320518-EVAL, STM32C0116-DK, STM32C011D6Y3TR, STM32C011D6Y6TR, STM32C011F4P3, STM32C011F4P6, STM32C011F4U3, STM32C011F4U6TR, STM32C011F6P3, STM32C011F6P6, STM32C011F6U3, STM32C011F6U6TR, STM32C011J4M3, STM32C011J4M6, STM32C011J6M3, STM32C011J6M6, STM32C0316-DK, STM32C031C4T3, STM32C031C4T6, STM32C031C4U3, STM32C031C4U6, STM32C031C6T3, STM32C031C6T6, STM32C031C6U3, STM32C031C6U6, STM32C031F4P3, STM32C031F4P6, STM32C031F6P3, STM32C031F6P6, STM32C031G4U3, STM32C031G4U6, STM32C031G6U3, STM32C031G6U6, STM32C031K4T3, STM32C031K4T6, STM32C031K4U3, STM32C031K4U6, STM32C031K6T3, STM32C031K6T6, STM32C031K6U3, STM32C031K6U6, STM32G071K8TXN, STM32G071K8UXN, STM32G081GBU6N, STM32G081KBT6N, STM32G081KBUXN, STM32G0B1CCT6N, STM32G0B1KCT6, STM32G0B1NEY6TR, STM32G0B1RCT6N, STM32G0C1CCT6, STM32G0C1CCT6N, STM32G0C1CCU6N, STM32G0C1CET6N, STM32G0C1CEU6N, STM32G0C1KCT6, STM32G0C1NEY6TR, STM32G0C1RCI6N, STM32G0C1RCT6N, STM32G0C1REI6N, STM32G0C1RET6N, STM32G0C1VCI6, STM32G0C1VEI6, STM32G471CCT6, STM32G471CCU6, STM32G471CET3, STM32G471CET6, STM32G471CEU3, STM32G471CEU6, STM32G471MCT6, STM32G471MET3, STM32G471MET6, STM32G471MEY6TR, STM32G471QCT6, STM32G471QET3, STM32G471RCT6, STM32G471RET3, STM32G471RET6, STM32G471VCH6, STM32G471VCI6, STM32G471VCT6, STM32G471VEH3, STM32G471VEH6, STM32G471VEI3, STM32G471VEI6, STM32G471VET3, STM32G471VET6, STM32G474CCT6, STM32H503CBT6, STM32H503CBU6, STM32H503EBY6TR, STM32H503KBU6, STM32H503RBT6, STM32H523CCT6, STM32H523CCU6, STM32H523CET6, STM32H523CEU6, STM32H523HEY6TR, STM32H523RCT6, STM32H523RET6, STM32H523VCI6, STM32H523VCT6, STM32H523VEI6, STM32H523VET6, STM32H523ZCJ6, STM32H523ZCT6, STM32H523ZEJ6, STM32H523ZET6, STM32H533CET6, STM32H533CEU6, STM32H533HEY6TR, STM32H533RET6, STM32H533VEI6, STM32H533VET6, STM32H533ZEJ6, STM32H533ZET6, STM32H562AGI6, STM32H562AII6, STM32H562IGK6, STM32H562IGT6, STM32H562IIK6, STM32H562IIT6, STM32H562RGT6, STM32H562RGV6, STM32H562RIT6, STM32H562RIV6, STM32H562VGT6, STM32H562VIT6, STM32H562ZGT6, STM32H562ZIT6, STM32H563AGI6, STM32H563AII3Q, STM32H563AII6, STM32H563IGK6, STM32H563IGT6, STM32H563IIK3Q, STM32H563IIK6, STM32H563IIT3Q, STM32H563IIT6, STM32H563MIY3QTR, STM32H563RGT6, STM32H563RGV6, STM32H563RIT6, STM32H563RIV6, STM32H563VGT6, STM32H563VIT3Q, STM32H563VIT6, STM32H563ZGT6, STM32H563ZIT3Q, STM32H563ZIT6, STM32H573AII3Q, STM32H573AII6, STM32H573I-DK, STM32H573IIK3Q, STM32H573IIK6, STM32H573IIT3Q, STM32H573IIT6, STM32H573MIY3QTR, STM32H573RIT6, STM32H573RIV6, STM32H573VIT3Q, STM32H573VIT6, STM32H573ZIT3Q, STM32H573ZIT6, STM32H7R3A8I6, STM32H7R3I8K6, STM32H7R3I8T6, STM32H7R3L8H6, STM32H7R3L8H6H, STM32H7R3R8V6, STM32H7R3V8H6, STM32H7R3V8T6, STM32H7R3V8Y6, STM32H7R3Z8J6, STM32H7R3Z8T6, STM32H7R7A8I6, STM32H7R7I8K6, STM32H7R7I8T6, STM32H7R7L8H6, STM32H7R7L8H6H, STM32H7R7Z8J6, STM32H7S3A8I6, STM32H7S3I8K6, STM32H7S3I8T6, STM32H7S3L8H6, STM32H7S3L8H6H, STM32H7S3R8V6, STM32H7S3V8H6, STM32H7S3V8T6, STM32H7S3V8Y6, STM32H7S3Z8J6, STM32H7S3Z8T6, STM32H7S78-DK, STM32H7S7A8I6, STM32H7S7I8K6, STM32H7S7I8T6, STM32H7S7L8H6, STM32H7S7L8H6H, STM32H7S7Z8J6, STM32L4R5QGI6STR, STM32MP131AAE3, STM32MP131AAF3, STM32MP131AAG3, STM32MP131CAE3, STM32MP131CAF3, STM32MP131CAG3, STM32MP131DAE7, STM32MP131DAF7, STM32MP131DAG7, STM32MP131FAE7, STM32MP131FAF7, STM32MP131FAG7, STM32MP133AAE3, STM32MP133AAF3, STM32MP133AAG3, STM32MP133CAE3, STM32MP133CAF3, STM32MP133CAG3, STM32MP133DAE7, STM32MP133DAF7, STM32MP133DAG7, STM32MP133FAE7, STM32MP133FAF7, STM32MP133FAG7, STM32MP135AAE3, STM32MP135AAF3, STM32MP135AAG3, STM32MP135CAE3, STM32MP135CAF3, STM32MP135CAG3, STM32MP135DAE7, STM32MP135DAF7, STM32MP135DAG7, STM32MP135F-DK, STM32MP135FAE7, STM32MP135FAF7, STM32MP135FAF7T, STM32MP135FAF7U, STM32MP135FAG7, STM32U031C6T6, STM32U031C6U6, STM32U031C8T6, STM32U031C8U6, STM32U031F4P6, STM32U031F6P6, STM32U031F8P6, STM32U031G6Y6TR, STM32U031G8Y6TR, STM32U031K4U6, STM32U031K6U6, STM32U031K8U6, STM32U031R6I6, STM32U031R6T6, STM32U031R8I6, STM32U031R8T6, STM32U073C8T6, STM32U073C8U6, STM32U073CBT6, STM32U073CBU6, STM32U073CCT6, STM32U073CCU6, STM32U073H8Y6TR, STM32U073HBY6TR, STM32U073HCY6TR, STM32U073K8U6, STM32U073KBU6, STM32U073KCU6, STM32U073M8I6, STM32U073M8T6, STM32U073MBI6, STM32U073MBT6, STM32U073MCI6, STM32U073MCT6, STM32U073R8I6, STM32U073R8T6, STM32U073RBI6, STM32U073RBT6, STM32U073RCI6, STM32U073RCT6, STM32U083C-DK, STM32U083CCT6, STM32U083CCU6, STM32U083HCY6TR, STM32U083KCU6, STM32U083MCI6, STM32U083MCT6, STM32U083RCI6, STM32U083RCT6, STM32U535CBT6, STM32U535CBT6Q, STM32U535CBU6, STM32U535CBU6Q, STM32U535CCT6, STM32U535CCT6Q, STM32U535CCU6, STM32U535CCU6Q, STM32U535CET6, STM32U535CET6Q, STM32U535CEU6, STM32U535CEU6Q, STM32U535JEY6QTR, STM32U535NCY6QTR, STM32U535NEY6QTR, STM32U535RBI6, STM32U535RBI6Q, STM32U535RBT6, STM32U535RBT6Q, STM32U535RCI6, STM32U535RCI6Q, STM32U535RCT6, STM32U535RCT6Q, STM32U535REI6, STM32U535REI6Q, STM32U535RET6, STM32U535RET6Q, STM32U535VCI6, STM32U535VCI6Q, STM32U535VCT6, STM32U535VCT6Q, STM32U535VEI6, STM32U535VEI6Q, STM32U535VET6, STM32U535VET6Q, STM32U545CET6, STM32U545CET6Q, STM32U545CEU6, STM32U545CEU6Q, STM32U545JEY6QTR, STM32U545NEY6QTR, STM32U545REI6, STM32U545REI6Q, STM32U545RET6, STM32U545RET6Q, STM32U545VEI6, STM32U545VEI6Q, STM32U545VET6, STM32U545VET6Q, STM32U595AIH6, STM32U595AIH6Q, STM32U595AJH6, STM32U595AJH6Q, STM32U595QII6, STM32U595QII6Q, STM32U595QJI6, STM32U595QJI6Q, STM32U595RIT6, STM32U595RIT6Q, STM32U595RJT6, STM32U595RJT6Q, STM32U595VIT6, STM32U595VIT6Q, STM32U595VJT6, STM32U595VJT6Q, STM32U595ZIT6, STM32U595ZIT6Q, STM32U595ZIY6QTR, STM32U595ZJT6, STM32U595ZJT6Q, STM32U595ZJY6QTR, STM32U599BJY6QTR, STM32U599NIH6Q, STM32U599NJH6Q, STM32U599VIT6Q, STM32U599VJT6, STM32U599VJT6Q, STM32U599ZIT6Q, STM32U599ZIY6QTR, STM32U599ZJT6Q, STM32U599ZJY6QTR, STM32U5A5AJH6, STM32U5A5AJH6Q, STM32U5A5QII3Q , STM32U5A5QJI6, STM32U5A5QJI6Q, STM32U5A5RJT6, STM32U5A5RJT6Q, STM32U5A5VJT6, STM32U5A5VJT6Q, STM32U5A5ZJT6, STM32U5A5ZJT6Q, STM32U5A5ZJY6QTR, STM32U5A9BJY6QTR, STM32U5A9J-DK, STM32U5A9NJH6Q, STM32U5A9VJT6Q, STM32U5A9ZJT6Q, STM32U5A9ZJY6QTR, STM32U5F7VIT6, STM32U5F7VIT6Q, STM32U5F7VJT6, STM32U5F7VJT6Q, STM32U5F9BJY6QTR, STM32U5F9NJH6Q, STM32U5F9VIT6Q, STM32U5F9VJT6Q, STM32U5F9ZIJ6QTR, STM32U5F9ZIT6Q, STM32U5F9ZJJ6QTR, STM32U5F9ZJT6Q, STM32U5G7VJT6, STM32U5G7VJT6Q, STM32U5G9BJY6QTR, STM32U5G9J-DK1, STM32U5G9J-DK2, STM32U5G9NJH6Q, STM32U5G9VJT6Q, STM32U5G9ZJJ6QTR, STM32U5G9ZJT6Q, STM32WB1MMCH6, STM32WBA50KEU6, STM32WBA50KEU6TR, STM32WBA50KGU6, STM32WBA50KGU6TR, STM32WBA52CEU6, STM32WBA52CEU6TR, STM32WBA52CEU7, STM32WBA52CEU7TR, STM32WBA52CGU6, STM32WBA52CGU6TR, STM32WBA52CGU6U, STM32WBA52CGU7, STM32WBA52CGU7TR, STM32WBA52KEU6, STM32WBA52KEU6TR, STM32WBA52KGU6, STM32WBA52KGU6TR, STM32WBA54CEU6, STM32WBA54CEU6TR, STM32WBA54CEU7, STM32WBA54CEU7TR, STM32WBA54CGU6, STM32WBA54CGU6TR, STM32WBA54CGU7, STM32WBA54CGU7TR, STM32WBA54KEU6, STM32WBA54KEU6TR, STM32WBA54KEU7, STM32WBA54KEU7TR, STM32WBA54KGU6, STM32WBA54KGU6TR, STM32WBA54KGU7, STM32WBA54KGU7TR, STM32WBA55CEU6, STM32WBA55CEU6TR, STM32WBA55CEU7, STM32WBA55CEU7TR, STM32WBA55CGU6, STM32WBA55CGU6TR, STM32WBA55CGU6U, STM32WBA55CGU7, STM32WBA55CGU7TR, STM32WBA55G-DK1, STM32WBA55HEF6, STM32WBA55HEF7, STM32WBA55HGF6, STM32WBA55HGF7, STM32WBA55UEI6, STM32WBA55UEI6TR, STM32WBA55UEI7, STM32WBA55UEI7TR, STM32WBA55UGI6, STM32WBA55UGI6TR, STM32WBA55UGI7, STM32WBA55UGI7TR, STM32WL5MOCH6, STM32WL5MOCH6TR]
2026-01-31 15:01:09,911 [INFO] DbMcus:218 - Found 4816 MCUs, 4816 are supported
2026-01-31 15:01:09,914 [INFO] ApiDb:423 - Load user favorites file C:\Users\veyre/.stm32cubeide/favorites.mcus.txt: 0 item(s)
2026-01-31 15:01:09,914 [INFO] ApiDb:427 - User favorites MCUs=[]
2026-01-31 15:01:09,914 [INFO] DbMcus:224 - Set 0 / 0 favorites MCUs
2026-01-31 15:01:10,222 [INFO] ApiDb:668 - CubeFinder database Data Model version=2.1
2026-01-31 15:01:10,222 [INFO] ApiDb:669 - CubeFinder database Configuration version=3.0.39
2026-01-31 15:01:10,222 [INFO] ApiDb:670 - CubeFinder database generation date=2025-12-22 (1766407740)
2026-01-31 15:01:10,222 [INFO] ApiDb:671 - CubeFinder database FW Pack versions=[FP-ATR-ASTRA1_V2.0.0, FP-SNS-FLIGHT1_V5.1.0, FP-SNS-MOTENV1_V5.1.0, FP-SNS-MOTENVWB1_V1.4.0, FP-SNS-SMARTAG2_V1.2.0, FP-SNS-STBOX1_V2.1.0, STM32Cube_FW_C0_V1.4.0, STM32Cube_FW_F4_V1.28.3, STM32Cube_FW_F7_V1.17.4, STM32Cube_FW_G0_V1.6.2, STM32Cube_FW_G4_V1.6.1, STM32Cube_FW_H5_V1.5.1, STM32Cube_FW_H7RS_V1.3.0, STM32Cube_FW_H7_V1.12.1, STM32Cube_FW_L0_V1.12.2, STM32Cube_FW_L4_V1.18.1, STM32Cube_FW_L5_V1.6.0, STM32Cube_FW_N6_V1.3.0, STM32Cube_FW_U0_V1.3.0, STM32Cube_FW_U3_V1.2.1, STM32Cube_FW_U5_V1.8.0, STM32Cube_FW_WB0_V1.4.0, STM32Cube_FW_WBA_V1.8.0, STM32Cube_FW_WB_V1.24.0, STM32Cube_FW_WL3_V1.3.0, STM32Cube_FW_WL_V1.4.0, X-CUBE-ALGOBUILD_V1.4.0, X-CUBE-ALS_V1.0.2, X-CUBE-AZRTOS-F4_V1.1.0, X-CUBE-AZRTOS-F7_V1.1.0, X-CUBE-AZRTOS-G0_V1.1.0, X-CUBE-AZRTOS-G4_V2.0.0, X-CUBE-AZRTOS-H7RS_V1.1.0, X-CUBE-AZRTOS-H7_V3.4.0, X-CUBE-AZRTOS-L4_V2.0.0, X-CUBE-AZRTOS-L5_V2.0.0, X-CUBE-AZRTOS-WB_V2.0.0, X-CUBE-AZRTOS-WL_V2.0.0, X-CUBE-BLE1_V7.1.0, X-CUBE-BLE2_V3.3.0, X-CUBE-BLEMGR_V4.1.0, X-CUBE-EEPRMA1_V5.2.0, X-CUBE-FREERTOS_V1.3.1, X-CUBE-GNSS1_V6.0.0, X-CUBE-MEMS1_V12.0.0, X-CUBE-NFC4_V3.0.0, X-CUBE-NFC7_V2.0.0, X-CUBE-SFXS2LP1_V4.0.0, X-CUBE-ST67W61_V1.1.0, X-CUBE-SUBG2_V5.0.0, X-CUBE-TOF1_V3.4.3]
2026-01-31 15:01:10,261 [INFO] DbBoardsSqlite:226 - include board P-NUCLEO-WB55-NUCLEO as a kit item of type 'Nucleo-64'
2026-01-31 15:01:10,261 [INFO] DbBoardsSqlite:226 - include board P-NUCLEO-WB55-USBDONGLE as a kit item of type 'Nucleo USB Dongle'
2026-01-31 15:01:10,261 [INFO] DbBoardsSqlite:226 - include board STEVAL-IDP005V1 as a kit item of type 'Evaluation Board'
2026-01-31 15:01:10,262 [INFO] DbBoardsSqlite:226 - include board STEVAL-IDP005V2 as a kit item of type 'Evaluation Board'
2026-01-31 15:01:10,312 [INFO] ApiDb:240 - Found 483 in-development CPN: [B-G473E-ZEST1S, B-WB1M-WPAN1, B-WL5M-SUBG1, NUCLEO-C031C6, NUCLEO-H503RB, NUCLEO-H533RE, NUCLEO-H563ZI, NUCLEO-H7S3L8, NUCLEO-U031R8, NUCLEO-U083RC, NUCLEO-U545RE-Q, NUCLEO-U5A5ZJ-Q, NUCLEO-WBA52CG, NUCLEO-WBA55CG, STEVAL-PROTEUS1, STEVAL-SMARTAG2, STEVAL-STWINBX1, STM320518-EVAL, STM32C0116-DK, STM32C011D6Y3TR, STM32C011D6Y6TR, STM32C011F4P3, STM32C011F4P6, STM32C011F4U3, STM32C011F4U6TR, STM32C011F6P3, STM32C011F6P6, STM32C011F6U3, STM32C011F6U6TR, STM32C011J4M3, STM32C011J4M6, STM32C011J6M3, STM32C011J6M6, STM32C0316-DK, STM32C031C4T3, STM32C031C4T6, STM32C031C4U3, STM32C031C4U6, STM32C031C6T3, STM32C031C6T6, STM32C031C6U3, STM32C031C6U6, STM32C031F4P3, STM32C031F4P6, STM32C031F6P3, STM32C031F6P6, STM32C031G4U3, STM32C031G4U6, STM32C031G6U3, STM32C031G6U6, STM32C031K4T3, STM32C031K4T6, STM32C031K4U3, STM32C031K4U6, STM32C031K6T3, STM32C031K6T6, STM32C031K6U3, STM32C031K6U6, STM32G071K8TXN, STM32G071K8UXN, STM32G081GBU6N, STM32G081KBT6N, STM32G081KBUXN, STM32G0B1CCT6N, STM32G0B1KCT6, STM32G0B1NEY6TR, STM32G0B1RCT6N, STM32G0C1CCT6, STM32G0C1CCT6N, STM32G0C1CCU6N, STM32G0C1CET6N, STM32G0C1CEU6N, STM32G0C1KCT6, STM32G0C1NEY6TR, STM32G0C1RCI6N, STM32G0C1RCT6N, STM32G0C1REI6N, STM32G0C1RET6N, STM32G0C1VCI6, STM32G0C1VEI6, STM32G471CCT6, STM32G471CCU6, STM32G471CET3, STM32G471CET6, STM32G471CEU3, STM32G471CEU6, STM32G471MCT6, STM32G471MET3, STM32G471MET6, STM32G471MEY6TR, STM32G471QCT6, STM32G471QET3, STM32G471RCT6, STM32G471RET3, STM32G471RET6, STM32G471VCH6, STM32G471VCI6, STM32G471VCT6, STM32G471VEH3, STM32G471VEH6, STM32G471VEI3, STM32G471VEI6, STM32G471VET3, STM32G471VET6, STM32G474CCT6, STM32H503CBT6, STM32H503CBU6, STM32H503EBY6TR, STM32H503KBU6, STM32H503RBT6, STM32H523CCT6, STM32H523CCU6, STM32H523CET6, STM32H523CEU6, STM32H523HEY6TR, STM32H523RCT6, STM32H523RET6, STM32H523VCI6, STM32H523VCT6, STM32H523VEI6, STM32H523VET6, STM32H523ZCJ6, STM32H523ZCT6, STM32H523ZEJ6, STM32H523ZET6, STM32H533CET6, STM32H533CEU6, STM32H533HEY6TR, STM32H533RET6, STM32H533VEI6, STM32H533VET6, STM32H533ZEJ6, STM32H533ZET6, STM32H562AGI6, STM32H562AII6, STM32H562IGK6, STM32H562IGT6, STM32H562IIK6, STM32H562IIT6, STM32H562RGT6, STM32H562RGV6, STM32H562RIT6, STM32H562RIV6, STM32H562VGT6, STM32H562VIT6, STM32H562ZGT6, STM32H562ZIT6, STM32H563AGI6, STM32H563AII3Q, STM32H563AII6, STM32H563IGK6, STM32H563IGT6, STM32H563IIK3Q, STM32H563IIK6, STM32H563IIT3Q, STM32H563IIT6, STM32H563MIY3QTR, STM32H563RGT6, STM32H563RGV6, STM32H563RIT6, STM32H563RIV6, STM32H563VGT6, STM32H563VIT3Q, STM32H563VIT6, STM32H563ZGT6, STM32H563ZIT3Q, STM32H563ZIT6, STM32H573AII3Q, STM32H573AII6, STM32H573I-DK, STM32H573IIK3Q, STM32H573IIK6, STM32H573IIT3Q, STM32H573IIT6, STM32H573MIY3QTR, STM32H573RIT6, STM32H573RIV6, STM32H573VIT3Q, STM32H573VIT6, STM32H573ZIT3Q, STM32H573ZIT6, STM32H7R3A8I6, STM32H7R3I8K6, STM32H7R3I8T6, STM32H7R3L8H6, STM32H7R3L8H6H, STM32H7R3R8V6, STM32H7R3V8H6, STM32H7R3V8T6, STM32H7R3V8Y6, STM32H7R3Z8J6, STM32H7R3Z8T6, STM32H7R7A8I6, STM32H7R7I8K6, STM32H7R7I8T6, STM32H7R7L8H6, STM32H7R7L8H6H, STM32H7R7Z8J6, STM32H7S3A8I6, STM32H7S3I8K6, STM32H7S3I8T6, STM32H7S3L8H6, STM32H7S3L8H6H, STM32H7S3R8V6, STM32H7S3V8H6, STM32H7S3V8T6, STM32H7S3V8Y6, STM32H7S3Z8J6, STM32H7S3Z8T6, STM32H7S78-DK, STM32H7S7A8I6, STM32H7S7I8K6, STM32H7S7I8T6, STM32H7S7L8H6, STM32H7S7L8H6H, STM32H7S7Z8J6, STM32L4R5QGI6STR, STM32MP131AAE3, STM32MP131AAF3, STM32MP131AAG3, STM32MP131CAE3, STM32MP131CAF3, STM32MP131CAG3, STM32MP131DAE7, STM32MP131DAF7, STM32MP131DAG7, STM32MP131FAE7, STM32MP131FAF7, STM32MP131FAG7, STM32MP133AAE3, STM32MP133AAF3, STM32MP133AAG3, STM32MP133CAE3, STM32MP133CAF3, STM32MP133CAG3, STM32MP133DAE7, STM32MP133DAF7, STM32MP133DAG7, STM32MP133FAE7, STM32MP133FAF7, STM32MP133FAG7, STM32MP135AAE3, STM32MP135AAF3, STM32MP135AAG3, STM32MP135CAE3, STM32MP135CAF3, STM32MP135CAG3, STM32MP135DAE7, STM32MP135DAF7, STM32MP135DAG7, STM32MP135F-DK, STM32MP135FAE7, STM32MP135FAF7, STM32MP135FAF7T, STM32MP135FAF7U, STM32MP135FAG7, STM32U031C6T6, STM32U031C6U6, STM32U031C8T6, STM32U031C8U6, STM32U031F4P6, STM32U031F6P6, STM32U031F8P6, STM32U031G6Y6TR, STM32U031G8Y6TR, STM32U031K4U6, STM32U031K6U6, STM32U031K8U6, STM32U031R6I6, STM32U031R6T6, STM32U031R8I6, STM32U031R8T6, STM32U073C8T6, STM32U073C8U6, STM32U073CBT6, STM32U073CBU6, STM32U073CCT6, STM32U073CCU6, STM32U073H8Y6TR, STM32U073HBY6TR, STM32U073HCY6TR, STM32U073K8U6, STM32U073KBU6, STM32U073KCU6, STM32U073M8I6, STM32U073M8T6, STM32U073MBI6, STM32U073MBT6, STM32U073MCI6, STM32U073MCT6, STM32U073R8I6, STM32U073R8T6, STM32U073RBI6, STM32U073RBT6, STM32U073RCI6, STM32U073RCT6, STM32U083C-DK, STM32U083CCT6, STM32U083CCU6, STM32U083HCY6TR, STM32U083KCU6, STM32U083MCI6, STM32U083MCT6, STM32U083RCI6, STM32U083RCT6, STM32U535CBT6, STM32U535CBT6Q, STM32U535CBU6, STM32U535CBU6Q, STM32U535CCT6, STM32U535CCT6Q, STM32U535CCU6, STM32U535CCU6Q, STM32U535CET6, STM32U535CET6Q, STM32U535CEU6, STM32U535CEU6Q, STM32U535JEY6QTR, STM32U535NCY6QTR, STM32U535NEY6QTR, STM32U535RBI6, STM32U535RBI6Q, STM32U535RBT6, STM32U535RBT6Q, STM32U535RCI6, STM32U535RCI6Q, STM32U535RCT6, STM32U535RCT6Q, STM32U535REI6, STM32U535REI6Q, STM32U535RET6, STM32U535RET6Q, STM32U535VCI6, STM32U535VCI6Q, STM32U535VCT6, STM32U535VCT6Q, STM32U535VEI6, STM32U535VEI6Q, STM32U535VET6, STM32U535VET6Q, STM32U545CET6, STM32U545CET6Q, STM32U545CEU6, STM32U545CEU6Q, STM32U545JEY6QTR, STM32U545NEY6QTR, STM32U545REI6, STM32U545REI6Q, STM32U545RET6, STM32U545RET6Q, STM32U545VEI6, STM32U545VEI6Q, STM32U545VET6, STM32U545VET6Q, STM32U595AIH6, STM32U595AIH6Q, STM32U595AJH6, STM32U595AJH6Q, STM32U595QII6, STM32U595QII6Q, STM32U595QJI6, STM32U595QJI6Q, STM32U595RIT6, STM32U595RIT6Q, STM32U595RJT6, STM32U595RJT6Q, STM32U595VIT6, STM32U595VIT6Q, STM32U595VJT6, STM32U595VJT6Q, STM32U595ZIT6, STM32U595ZIT6Q, STM32U595ZIY6QTR, STM32U595ZJT6, STM32U595ZJT6Q, STM32U595ZJY6QTR, STM32U599BJY6QTR, STM32U599NIH6Q, STM32U599NJH6Q, STM32U599VIT6Q, STM32U599VJT6, STM32U599VJT6Q, STM32U599ZIT6Q, STM32U599ZIY6QTR, STM32U599ZJT6Q, STM32U599ZJY6QTR, STM32U5A5AJH6, STM32U5A5AJH6Q, STM32U5A5QII3Q , STM32U5A5QJI6, STM32U5A5QJI6Q, STM32U5A5RJT6, STM32U5A5RJT6Q, STM32U5A5VJT6, STM32U5A5VJT6Q, STM32U5A5ZJT6, STM32U5A5ZJT6Q, STM32U5A5ZJY6QTR, STM32U5A9BJY6QTR, STM32U5A9J-DK, STM32U5A9NJH6Q, STM32U5A9VJT6Q, STM32U5A9ZJT6Q, STM32U5A9ZJY6QTR, STM32U5F7VIT6, STM32U5F7VIT6Q, STM32U5F7VJT6, STM32U5F7VJT6Q, STM32U5F9BJY6QTR, STM32U5F9NJH6Q, STM32U5F9VIT6Q, STM32U5F9VJT6Q, STM32U5F9ZIJ6QTR, STM32U5F9ZIT6Q, STM32U5F9ZJJ6QTR, STM32U5F9ZJT6Q, STM32U5G7VJT6, STM32U5G7VJT6Q, STM32U5G9BJY6QTR, STM32U5G9J-DK1, STM32U5G9J-DK2, STM32U5G9NJH6Q, STM32U5G9VJT6Q, STM32U5G9ZJJ6QTR, STM32U5G9ZJT6Q, STM32WB1MMCH6, STM32WBA50KEU6, STM32WBA50KEU6TR, STM32WBA50KGU6, STM32WBA50KGU6TR, STM32WBA52CEU6, STM32WBA52CEU6TR, STM32WBA52CEU7, STM32WBA52CEU7TR, STM32WBA52CGU6, STM32WBA52CGU6TR, STM32WBA52CGU6U, STM32WBA52CGU7, STM32WBA52CGU7TR, STM32WBA52KEU6, STM32WBA52KEU6TR, STM32WBA52KGU6, STM32WBA52KGU6TR, STM32WBA54CEU6, STM32WBA54CEU6TR, STM32WBA54CEU7, STM32WBA54CEU7TR, STM32WBA54CGU6, STM32WBA54CGU6TR, STM32WBA54CGU7, STM32WBA54CGU7TR, STM32WBA54KEU6, STM32WBA54KEU6TR, STM32WBA54KEU7, STM32WBA54KEU7TR, STM32WBA54KGU6, STM32WBA54KGU6TR, STM32WBA54KGU7, STM32WBA54KGU7TR, STM32WBA55CEU6, STM32WBA55CEU6TR, STM32WBA55CEU7, STM32WBA55CEU7TR, STM32WBA55CGU6, STM32WBA55CGU6TR, STM32WBA55CGU6U, STM32WBA55CGU7, STM32WBA55CGU7TR, STM32WBA55G-DK1, STM32WBA55HEF6, STM32WBA55HEF7, STM32WBA55HGF6, STM32WBA55HGF7, STM32WBA55UEI6, STM32WBA55UEI6TR, STM32WBA55UEI7, STM32WBA55UEI7TR, STM32WBA55UGI6, STM32WBA55UGI6TR, STM32WBA55UGI7, STM32WBA55UGI7TR, STM32WL5MOCH6, STM32WL5MOCH6TR]
2026-01-31 15:01:10,358 [INFO] BoardInfo:889 - No configuration file found for board B-WBA5M-WPAN
2026-01-31 15:01:10,358 [INFO] DbBoards:161 - Board is not supported: B-WBA5M-WPAN
2026-01-31 15:01:10,361 [INFO] BoardInfo:889 - No configuration file found for board NUCLEO-C051C8
2026-01-31 15:01:10,362 [INFO] DbBoards:161 - Board is not supported: NUCLEO-C051C8
2026-01-31 15:01:10,362 [INFO] BoardInfo:889 - No configuration file found for board NUCLEO-C071RB
2026-01-31 15:01:10,362 [INFO] DbBoards:161 - Board is not supported: NUCLEO-C071RB
2026-01-31 15:01:10,363 [INFO] BoardInfo:889 - No configuration file found for board NUCLEO-C092RC
2026-01-31 15:01:10,363 [INFO] DbBoards:161 - Board is not supported: NUCLEO-C092RC
2026-01-31 15:01:10,425 [INFO] BoardInfo:889 - No configuration file found for board NUCLEO-N657X0-Q
2026-01-31 15:01:10,425 [INFO] DbBoards:161 - Board is not supported: NUCLEO-N657X0-Q
2026-01-31 15:01:10,428 [INFO] BoardInfo:889 - No configuration file found for board NUCLEO-U385RG-Q
2026-01-31 15:01:10,428 [INFO] DbBoards:161 - Board is not supported: NUCLEO-U385RG-Q
2026-01-31 15:01:10,432 [INFO] BoardInfo:889 - No configuration file found for board NUCLEO-WB05KZ
2026-01-31 15:01:10,432 [INFO] DbBoards:161 - Board is not supported: NUCLEO-WB05KZ
2026-01-31 15:01:10,432 [INFO] BoardInfo:889 - No configuration file found for board NUCLEO-WB07CC
2026-01-31 15:01:10,433 [INFO] DbBoards:161 - Board is not supported: NUCLEO-WB07CC
2026-01-31 15:01:10,434 [INFO] BoardInfo:889 - No configuration file found for board NUCLEO-WB09KE
2026-01-31 15:01:10,434 [INFO] DbBoards:161 - Board is not supported: NUCLEO-WB09KE
2026-01-31 15:01:10,438 [INFO] BoardInfo:889 - No configuration file found for board NUCLEO-WBA65RI
2026-01-31 15:01:10,439 [INFO] DbBoards:161 - Board is not supported: NUCLEO-WBA65RI
2026-01-31 15:01:10,439 [INFO] BoardInfo:889 - No configuration file found for board NUCLEO-WL33CC1
2026-01-31 15:01:10,440 [INFO] DbBoards:161 - Board is not supported: NUCLEO-WL33CC1
2026-01-31 15:01:10,440 [INFO] BoardInfo:889 - No configuration file found for board NUCLEO-WL33CC2
2026-01-31 15:01:10,441 [INFO] DbBoards:161 - Board is not supported: NUCLEO-WL33CC2
2026-01-31 15:01:10,444 [INFO] BoardInfo:889 - No configuration file found for board P-NUCLEO-WB55
2026-01-31 15:01:10,445 [INFO] DbBoards:161 - Kit is not supported: P-NUCLEO-WB55
2026-01-31 15:01:10,448 [INFO] BoardInfo:889 - No configuration file found for board STEVAL-BFA001V1B
2026-01-31 15:01:10,448 [INFO] DbBoards:161 - Kit is not supported: STEVAL-BFA001V1B
2026-01-31 15:01:10,449 [INFO] BoardInfo:889 - No configuration file found for board STEVAL-BFA001V2B
2026-01-31 15:01:10,449 [INFO] DbBoards:161 - Kit is not supported: STEVAL-BFA001V2B
2026-01-31 15:01:10,559 [INFO] BoardInfo:889 - No configuration file found for board STM32MP257F-DK
2026-01-31 15:01:10,559 [INFO] DbBoards:161 - Board is not supported: STM32MP257F-DK
2026-01-31 15:01:10,560 [INFO] BoardInfo:889 - No configuration file found for board STM32MP257F-EV1
2026-01-31 15:01:10,560 [INFO] DbBoards:161 - Board is not supported: STM32MP257F-EV1
2026-01-31 15:01:10,561 [INFO] BoardInfo:889 - No configuration file found for board STM32N6570-DK
2026-01-31 15:01:10,561 [INFO] DbBoards:161 - Board is not supported: STM32N6570-DK
2026-01-31 15:01:10,570 [INFO] BoardInfo:889 - No configuration file found for board STM32WBA65I-DK1
2026-01-31 15:01:10,570 [INFO] DbBoards:161 - Board is not supported: STM32WBA65I-DK1
2026-01-31 15:01:10,570 [INFO] DbBoards:168 - Found 211 boards, 192 are supported
2026-01-31 15:01:10,570 [INFO] DbBoards:169 - Found 211 boards, 8 of them is supported for  Bsp
2026-01-31 15:01:10,573 [INFO] ApiDb:423 - Load user favorites file C:\Users\veyre/.stm32cubeide/favorites.boards.txt: 0 item(s)
2026-01-31 15:01:10,573 [INFO] ApiDb:427 - User favorites Boards=[]
2026-01-31 15:01:10,573 [INFO] DbBoards:198 - Set 0 / 0 favorites Boards
2026-01-31 15:01:10,575 [INFO] ApiDb:668 - CubeFinder database Data Model version=2.1
2026-01-31 15:01:10,576 [INFO] ApiDb:669 - CubeFinder database Configuration version=3.0.39
2026-01-31 15:01:10,576 [INFO] ApiDb:670 - CubeFinder database generation date=2025-12-22 (1766407740)
2026-01-31 15:01:10,576 [INFO] ApiDb:671 - CubeFinder database FW Pack versions=[FP-ATR-ASTRA1_V2.0.0, FP-SNS-FLIGHT1_V5.1.0, FP-SNS-MOTENV1_V5.1.0, FP-SNS-MOTENVWB1_V1.4.0, FP-SNS-SMARTAG2_V1.2.0, FP-SNS-STBOX1_V2.1.0, STM32Cube_FW_C0_V1.4.0, STM32Cube_FW_F4_V1.28.3, STM32Cube_FW_F7_V1.17.4, STM32Cube_FW_G0_V1.6.2, STM32Cube_FW_G4_V1.6.1, STM32Cube_FW_H5_V1.5.1, STM32Cube_FW_H7RS_V1.3.0, STM32Cube_FW_H7_V1.12.1, STM32Cube_FW_L0_V1.12.2, STM32Cube_FW_L4_V1.18.1, STM32Cube_FW_L5_V1.6.0, STM32Cube_FW_N6_V1.3.0, STM32Cube_FW_U0_V1.3.0, STM32Cube_FW_U3_V1.2.1, STM32Cube_FW_U5_V1.8.0, STM32Cube_FW_WB0_V1.4.0, STM32Cube_FW_WBA_V1.8.0, STM32Cube_FW_WB_V1.24.0, STM32Cube_FW_WL3_V1.3.0, STM32Cube_FW_WL_V1.4.0, X-CUBE-ALGOBUILD_V1.4.0, X-CUBE-ALS_V1.0.2, X-CUBE-AZRTOS-F4_V1.1.0, X-CUBE-AZRTOS-F7_V1.1.0, X-CUBE-AZRTOS-G0_V1.1.0, X-CUBE-AZRTOS-G4_V2.0.0, X-CUBE-AZRTOS-H7RS_V1.1.0, X-CUBE-AZRTOS-H7_V3.4.0, X-CUBE-AZRTOS-L4_V2.0.0, X-CUBE-AZRTOS-L5_V2.0.0, X-CUBE-AZRTOS-WB_V2.0.0, X-CUBE-AZRTOS-WL_V2.0.0, X-CUBE-BLE1_V7.1.0, X-CUBE-BLE2_V3.3.0, X-CUBE-BLEMGR_V4.1.0, X-CUBE-EEPRMA1_V5.2.0, X-CUBE-FREERTOS_V1.3.1, X-CUBE-GNSS1_V6.0.0, X-CUBE-MEMS1_V12.0.0, X-CUBE-NFC4_V3.0.0, X-CUBE-NFC7_V2.0.0, X-CUBE-SFXS2LP1_V4.0.0, X-CUBE-ST67W61_V1.1.0, X-CUBE-SUBG2_V5.0.0, X-CUBE-TOF1_V3.4.3]
2026-01-31 15:01:11,055 [ERROR] DbExamplesSqlite:437 - Missing JSON key: board_cpn
2026-01-31 15:01:11,055 [ERROR] DbExamplesSqlite:437 - Missing JSON key: board_cpn
2026-01-31 15:01:11,055 [ERROR] DbExamplesSqlite:437 - Missing JSON key: board_cpn
2026-01-31 15:01:11,055 [ERROR] DbExamplesSqlite:437 - Missing JSON key: board_cpn
2026-01-31 15:01:11,362 [ERROR] DbExamplesSqlite:437 - Missing JSON key: board_cpn
2026-01-31 15:01:11,363 [ERROR] DbExamplesSqlite:437 - Missing JSON key: board_cpn
2026-01-31 15:01:11,379 [INFO] DbExamplesSqlite:395 - Ignored 42 examples not supported by CubeIDE
2026-01-31 15:01:11,379 [INFO] DbExamplesSqlite:396 - Found 10819 examples active
2026-01-31 15:01:11,379 [INFO] DbExamplesSqlite:397 - Found 0 examples obsolete
2026-01-31 15:01:11,379 [INFO] DbExamplesSqlite:398 - Found 0 examples under development
2026-01-31 15:01:11,379 [INFO] DbExamplesSqlite:399 - Found 85 examples not building
2026-01-31 15:01:11,383 [INFO] DbExamples:125 - Found 10862 examples
2026-01-31 15:01:11,433 [ERROR] DbExamples:208 - Found 73 examples with invalid data (board or MCU)
2026-01-31 15:01:11,434 [INFO] DbExamples:222 - Found 134 boards with related examples
2026-01-31 15:01:11,434 [INFO] DbExamples:235 - Found 111 MCUs with related examples
2026-01-31 15:01:11,465 [INFO] ApiDb:414 - User favorites file not found: C:\Users\veyre/.stm32cubeide/favorites.examples.txt
2026-01-31 15:01:11,466 [INFO] DbExamples:250 - Set 0 / 0 favorites Examples
2026-01-31 15:01:11,846 [INFO] McuFinderGlobals:76 - Set McuFinderConnectedMode to true
2026-01-31 15:01:11,854 [INFO] MultiScanPanel:200 - Auto-refresh data requested => check proxy status ongoing
2026-01-31 15:01:11,859 [INFO] FinderPluginLoader:95 - Searching for filters in installed packs
2026-01-31 15:01:12,926 [INFO] LoadUrlFilesThread:185 - End of LoadServerUrlFiles without Thread
2026-01-31 15:01:12,981 [INFO] DetailPanel:341 - Set advertising image to C:/Users/veyre/STM32Cube/Repository/\en.prom-stm32mp21-0126.png
2026-01-31 15:05:14,373 [INFO] MainUpdater:2873 - connection check result : 10
2026-01-31 15:05:14,373 [INFO] MainUpdater:2873 - connection check result : 10
2026-01-31 15:05:14,405 [INFO] MicroXplorer:468 - Change Database Path : 
2026-01-31 15:05:14,405 [INFO] MicroXplorer:498 - Change Database Version : DB.6.0.111
2026-01-31 15:05:14,410 [WARN] ThirdParty:871 - waiting for thirdparty lock release [close project]
2026-01-31 15:05:14,410 [INFO] ThirdParty:873 - entering critical section [close project]
2026-01-31 15:05:14,410 [INFO] ThirdParty:883 - exiting critical section [close project]
2026-01-31 15:05:14,412 [INFO] PinOutPanel:1561 - setPackage(No Configuration,No Configuration)
2026-01-31 15:05:14,414 [INFO] UtilMem:75 - Begin LoadConfig() Used Memory: 752721216 Bytes (1073741824)
2026-01-31 15:05:14,415 [INFO] MicroXplorer:468 - Change Database Path : 
2026-01-31 15:05:14,415 [INFO] MicroXplorer:498 - Change Database Version : DB.6.0.111
2026-01-31 15:05:14,415 [INFO] OpenFileManager:312 - Change cursor
2026-01-31 15:05:14,698 [INFO] Mcu:2021 - Initializing MCU STM32F407VGTx STM32F407VGTx STM32F407VGT6
2026-01-31 15:05:16,594 [INFO] Context:663 - Trying to add GPIOservice into a context  which must be forbidden
2026-01-31 15:05:17,080 [INFO] ImportTextPane:194 - (OptionalMessage_ERROR) Unable to find key (Mcu.ThirdPartyNb) in loaded IOC file
2026-01-31 15:05:17,080 [INFO] ImportTextPane:194 - (OptionalMessage_ERROR) Unable to find key (Mcu.PinsNb) in loaded IOC file
2026-01-31 15:05:17,080 [INFO] ImportTextPane:194 - (OptionalMessage_ERROR) Unable to find key (Mcu.IPNb) in loaded IOC file
2026-01-31 15:05:17,269 [INFO] RtosManager:555 - Registered RTOS mode: class=CMSIS, group=RTOS, mode=CMSIS_V1, owner=FREERTOS
2026-01-31 15:05:17,269 [INFO] RtosManager:555 - Registered RTOS mode: class=CMSIS, group=RTOS2, mode=CMSIS_V2, owner=FREERTOS
2026-01-31 15:05:17,269 [INFO] RtosManager:555 - Registered RTOS mode: class=RTOS, group=Core, mode=CMSIS_V1, owner=FREERTOS
2026-01-31 15:05:17,269 [INFO] RtosManager:555 - Registered RTOS mode: class=RTOS, group=Core, mode=CMSIS_V2, owner=FREERTOS
2026-01-31 15:05:17,270 [WARN] ModelIntegratedComponent:184 - Missing modes for component STMicroelectronics:FreeRTOS:0.0.1:STMicroelectronics:RTOS:FreeRTOS:Core:::10.2.0:
2026-01-31 15:05:17,294 [WARN] ModelIntegratedComponent:63 - No mode defined for component null
2026-01-31 15:05:17,295 [WARN] ModelIntegratedComponent:63 - No mode defined for component null
2026-01-31 15:05:17,295 [WARN] ModelIntegratedComponent:63 - No mode defined for component null
2026-01-31 15:05:17,295 [WARN] ModelIntegratedComponent:63 - No mode defined for component null
2026-01-31 15:05:17,295 [WARN] ModelIntegratedComponent:63 - No mode defined for component null
2026-01-31 15:05:17,295 [WARN] ModelIntegratedComponent:63 - No mode defined for component null
2026-01-31 15:05:17,295 [WARN] ModelIntegratedComponent:63 - No mode defined for component null
2026-01-31 15:05:17,295 [WARN] ModelIntegratedComponent:63 - No mode defined for component null
2026-01-31 15:05:17,295 [WARN] ModelIntegratedComponent:63 - No mode defined for component null
2026-01-31 15:05:17,295 [WARN] ModelIntegratedComponent:63 - No mode defined for component null
2026-01-31 15:05:17,295 [WARN] ModelIntegratedComponent:63 - No mode defined for component null
2026-01-31 15:05:17,295 [WARN] ModelIntegratedComponent:63 - No mode defined for component null
2026-01-31 15:05:17,295 [WARN] ModelIntegratedComponent:63 - No mode defined for component null
2026-01-31 15:05:17,295 [WARN] ModelIntegratedComponent:63 - No mode defined for component null
2026-01-31 15:05:17,295 [WARN] ModelIntegratedComponent:63 - No mode defined for component null
2026-01-31 15:05:17,295 [WARN] ModelIntegratedComponent:63 - No mode defined for component null
2026-01-31 15:05:17,296 [WARN] ModelIntegratedComponent:63 - No mode defined for component null
2026-01-31 15:05:17,296 [WARN] ModelIntegratedComponent:63 - No mode defined for component null
2026-01-31 15:05:17,296 [WARN] ModelIntegratedComponent:63 - No mode defined for component null
2026-01-31 15:05:17,296 [WARN] ModelIntegratedComponent:63 - No mode defined for component null
2026-01-31 15:05:17,296 [WARN] ModelIntegratedComponent:63 - No mode defined for component null
2026-01-31 15:05:17,296 [WARN] ModelIntegratedComponent:63 - No mode defined for component null
2026-01-31 15:05:17,296 [WARN] ModelIntegratedComponent:63 - No mode defined for component null
2026-01-31 15:05:17,296 [WARN] ModelIntegratedComponent:63 - No mode defined for component null
2026-01-31 15:05:17,296 [WARN] ModelIntegratedComponent:63 - No mode defined for component null
2026-01-31 15:05:17,296 [WARN] ModelIntegratedComponent:63 - No mode defined for component null
2026-01-31 15:05:17,296 [WARN] ModelIntegratedComponent:63 - No mode defined for component null
2026-01-31 15:05:17,296 [WARN] ModelIntegratedComponent:63 - No mode defined for component null
2026-01-31 15:05:17,296 [WARN] ModelIntegratedComponent:63 - No mode defined for component null
2026-01-31 15:05:17,296 [WARN] ModelIntegratedComponent:63 - No mode defined for component null
2026-01-31 15:05:17,296 [WARN] ModelIntegratedComponent:63 - No mode defined for component null
2026-01-31 15:05:17,296 [WARN] ModelIntegratedComponent:63 - No mode defined for component null
2026-01-31 15:05:17,297 [WARN] ModelIntegratedComponent:63 - No mode defined for component null
2026-01-31 15:05:17,298 [WARN] ModelIntegratedComponent:63 - No mode defined for component null
2026-01-31 15:05:17,334 [INFO] ThirdPartyModel:298 - Start build external matchings
2026-01-31 15:05:17,590 [INFO] ThirdPartyModel:316 - End build external matchings
2026-01-31 15:05:17,928 [INFO] UtilMem:75 - End LoadConfig() Used Memory: 733461112 Bytes (1073741824)
2026-01-31 15:05:17,949 [WARN] ThirdParty:833 - waiting for thirdparty lock release [change project]
2026-01-31 15:05:17,951 [INFO] ThirdParty:835 - entering critical section [change project]
2026-01-31 15:05:17,951 [INFO] ThirdParty:1030 - CMSIS Pack Vendor :STMicroelectronics X-CUBE-PM33A1 1.0.0
2026-01-31 15:05:17,951 [INFO] ThirdParty:1030 - CMSIS Pack Vendor :STMicroelectronics USBPD 4.1
2026-01-31 15:05:17,951 [INFO] ThirdParty:1030 - CMSIS Pack Vendor :STMicroelectronics X-CUBE-NFC9 1.0.0
2026-01-31 15:05:17,951 [INFO] ThirdParty:1030 - CMSIS Pack Vendor :STMicroelectronics USB_HOST 2.0.0
2026-01-31 15:05:17,951 [INFO] ThirdParty:1030 - CMSIS Pack Vendor :STMicroelectronics FP-SNS-MOTENVWB1 1.4.0
2026-01-31 15:05:17,951 [INFO] ThirdParty:1030 - CMSIS Pack Vendor :STMicroelectronics X-CUBE-AZRTOS-F4 1.1.0
2026-01-31 15:05:17,951 [INFO] ThirdParty:1030 - CMSIS Pack Vendor :STMicroelectronics LIBJPEG 8.0.0
2026-01-31 15:05:17,951 [INFO] ThirdParty:1030 - CMSIS Pack Vendor :STMicroelectronics FP-ATR-ASTRA1 2.0.2
2026-01-31 15:05:17,951 [INFO] ThirdParty:1030 - CMSIS Pack Vendor :STMicroelectronics X-CUBE-BLE1 7.1.0
2026-01-31 15:05:17,951 [INFO] ThirdParty:1030 - CMSIS Pack Vendor :STMicroelectronics X-CUBE-SMBUS 2.1.0
2026-01-31 15:05:17,951 [INFO] ThirdParty:1030 - CMSIS Pack Vendor :wolfSSL I-CUBE-wolfMQTT 1.19.2
2026-01-31 15:05:17,951 [INFO] ThirdParty:1030 - CMSIS Pack Vendor :STMicroelectronics USB_DEVICE 3.0.0
2026-01-31 15:05:17,951 [INFO] ThirdParty:1030 - CMSIS Pack Vendor :STMicroelectronics X-CUBE-ISPU 2.1.0
2026-01-31 15:05:17,951 [INFO] ThirdParty:1030 - CMSIS Pack Vendor :STMicroelectronics X-CUBE-EEPRMA1 5.2.0
2026-01-31 15:05:17,951 [INFO] ThirdParty:1030 - CMSIS Pack Vendor :STMicroelectronics X-CUBE-AZRTOS-WB 2.0.0
2026-01-31 15:05:17,951 [INFO] ThirdParty:1030 - CMSIS Pack Vendor :wolfSSL I-CUBE-wolfSSL 5.8.4
2026-01-31 15:05:17,951 [INFO] ThirdParty:1030 - CMSIS Pack Vendor :STMicroelectronics X-CUBE-NFC12 1.0.0
2026-01-31 15:05:17,951 [INFO] ThirdParty:1030 - CMSIS Pack Vendor :STMicroelectronics X-CUBE-AZRTOS-F7 1.1.0
2026-01-31 15:05:17,951 [INFO] ThirdParty:1030 - CMSIS Pack Vendor :STMicroelectronics X-CUBE-AZRTOS-L5 2.0.0
2026-01-31 15:05:17,951 [INFO] ThirdParty:1030 - CMSIS Pack Vendor :STMicroelectronics USB_DEVICE 2.0.0
2026-01-31 15:05:17,952 [INFO] ThirdParty:1030 - CMSIS Pack Vendor :quantropi X-CUBE-qispace-sdk-base 2.1.0
2026-01-31 15:05:17,952 [INFO] ThirdParty:1030 - CMSIS Pack Vendor :STMicroelectronics X-CUBE-MEMS1 12.0.0
2026-01-31 15:05:17,952 [INFO] ThirdParty:1030 - CMSIS Pack Vendor :STMicroelectronics X-CUBE-STSE01 2.0.0
2026-01-31 15:05:17,952 [INFO] ThirdParty:1030 - CMSIS Pack Vendor :STMicroelectronics FreeRTOS 0.0.1
2026-01-31 15:05:17,952 [INFO] ThirdParty:1030 - CMSIS Pack Vendor :STMicroelectronics X-CUBE-AZRTOS-G0 1.1.0
2026-01-31 15:05:17,952 [INFO] ThirdParty:1030 - CMSIS Pack Vendor :STMicroelectronics X-CUBE-NFC4 3.0.0
2026-01-31 15:05:17,952 [INFO] ThirdParty:1030 - CMSIS Pack Vendor :STMicroelectronics X-CUBE-SUBG2 5.0.0
2026-01-31 15:05:17,952 [INFO] ThirdParty:1030 - CMSIS Pack Vendor :STMicroelectronics STM32_WPAN 1.0.0
2026-01-31 15:05:17,952 [INFO] ThirdParty:1030 - CMSIS Pack Vendor :EmbeddedOffice I-CUBE-FS-RTOS 1.0.1
2026-01-31 15:05:17,952 [INFO] ThirdParty:1030 - CMSIS Pack Vendor :STMicroelectronics lwIP 2.0.3
2026-01-31 15:05:17,952 [INFO] ThirdParty:1030 - CMSIS Pack Vendor :STMicroelectronics USB_HOST 1.0.0
2026-01-31 15:05:17,952 [INFO] ThirdParty:1030 - CMSIS Pack Vendor :STMicroelectronics X-CUBE-AZRTOS-G4 2.0.0
2026-01-31 15:05:17,952 [INFO] ThirdParty:1030 - CMSIS Pack Vendor :STMicroelectronics X-CUBE-WB05N 2.0.0
2026-01-31 15:05:17,952 [INFO] ThirdParty:1030 - CMSIS Pack Vendor :STMicroelectronics PDM2PCM 3.1.0
2026-01-31 15:05:17,952 [INFO] ThirdParty:1030 - CMSIS Pack Vendor :STMicroelectronics PDM2PCM 3.3.0
2026-01-31 15:05:17,952 [INFO] ThirdParty:1030 - CMSIS Pack Vendor :wolfSSL I-CUBE-wolfTPM 3.8.0
2026-01-31 15:05:17,952 [INFO] ThirdParty:1030 - CMSIS Pack Vendor :STMicroelectronics X-CUBE-AZRTOS-H7 3.4.0
2026-01-31 15:05:17,953 [INFO] ThirdParty:1030 - CMSIS Pack Vendor :STMicroelectronics X-CUBE-DISPLAY 3.0.0
2026-01-31 15:05:17,953 [INFO] ThirdParty:1030 - CMSIS Pack Vendor :wolfSSL I-CUBE-wolfSSH 1.4.20
2026-01-31 15:05:17,953 [INFO] ThirdParty:1030 - CMSIS Pack Vendor :STMicroelectronics X-CUBE-NFC7 2.0.0
2026-01-31 15:05:17,953 [INFO] ThirdParty:1030 - CMSIS Pack Vendor :RealThread X-CUBE-RT-Thread_Nano 4.1.1
2026-01-31 15:05:17,953 [INFO] ThirdParty:1030 - CMSIS Pack Vendor :STMicroelectronics FP-ATR-SIGFOX1 3.2.0
2026-01-31 15:05:17,953 [INFO] ThirdParty:1030 - CMSIS Pack Vendor :STMicroelectronics X-CUBE-NFC10 1.0.0
2026-01-31 15:05:17,953 [INFO] ThirdParty:1030 - CMSIS Pack Vendor :STMicroelectronics HAL Drivers 0.0.0
2026-01-31 15:05:17,953 [INFO] ThirdParty:1030 - CMSIS Pack Vendor :STMicroelectronics MBEDTLS 2.16.2
2026-01-31 15:05:17,953 [INFO] ThirdParty:1030 - CMSIS Pack Vendor :STMicroelectronics X-CUBE-ALS 1.0.2
2026-01-31 15:05:17,953 [INFO] ThirdParty:1030 - CMSIS Pack Vendor :emotas I-CUBE-CANOPEN 1.3.0
2026-01-31 15:05:17,953 [INFO] ThirdParty:1030 - CMSIS Pack Vendor :STMicroelectronics MBEDTLS 2.14.1
2026-01-31 15:05:17,953 [INFO] ThirdParty:1030 - CMSIS Pack Vendor :STMicroelectronics X-CUBE-GNSS1 7.1.0
2026-01-31 15:05:17,953 [INFO] ThirdParty:1030 - CMSIS Pack Vendor :ITTIA_DB I-CUBE-ITTIADB 8.9.0
2026-01-31 15:05:17,953 [INFO] ThirdParty:1030 - CMSIS Pack Vendor :STMicroelectronics X-CUBE-TOUCHGFX 4.26.0
2026-01-31 15:05:17,953 [INFO] ThirdParty:1030 - CMSIS Pack Vendor :STMicroelectronics X-CUBE-NFC6 3.2.0
2026-01-31 15:05:17,953 [INFO] ThirdParty:1030 - CMSIS Pack Vendor :STMicroelectronics X-CUBE-AI 10.2.0
2026-01-31 15:05:17,953 [INFO] ThirdParty:1030 - CMSIS Pack Vendor :STMicroelectronics ThreadX 1.0.0
2026-01-31 15:05:17,953 [INFO] ThirdParty:1030 - CMSIS Pack Vendor :STMicroelectronics FP-SNS-SMARTAG2 1.2.0
2026-01-31 15:05:17,953 [INFO] ThirdParty:1030 - CMSIS Pack Vendor :STMicroelectronics X-CUBE-AZRTOS-WL 2.0.0
2026-01-31 15:05:17,953 [INFO] ThirdParty:1030 - CMSIS Pack Vendor :SEGGER I-CUBE-embOS 1.3.1
2026-01-31 15:05:17,953 [INFO] ThirdParty:1030 - CMSIS Pack Vendor :STMicroelectronics X-CUBE-ALGOBUILD 1.4.0
2026-01-31 15:05:17,953 [INFO] ThirdParty:1030 - CMSIS Pack Vendor :STMicroelectronics X-CUBE-DPower 1.3.0
2026-01-31 15:05:17,953 [INFO] ThirdParty:1030 - CMSIS Pack Vendor :STMicroelectronics USB_DEVICE 1.0.0
2026-01-31 15:05:17,953 [INFO] ThirdParty:1030 - CMSIS Pack Vendor :STMicroelectronics X-CUBE-AZRTOS-H7RS 1.2.0
2026-01-31 15:05:17,953 [INFO] ThirdParty:1030 - CMSIS Pack Vendor :STMicroelectronics X-CUBE-AZRTOS-L4 2.0.0
2026-01-31 15:05:17,953 [INFO] ThirdParty:1030 - CMSIS Pack Vendor :STMicroelectronics ThreadX 0.0.2
2026-01-31 15:05:17,954 [INFO] ThirdParty:1030 - CMSIS Pack Vendor :STMicroelectronics lwIP 2.1.2
2026-01-31 15:05:17,954 [INFO] ThirdParty:1030 - CMSIS Pack Vendor :STMicroelectronics X-CUBE-SFXS2LP1 4.0.0
2026-01-31 15:05:17,954 [INFO] ThirdParty:1030 - CMSIS Pack Vendor :STMicroelectronics X-CUBE-BLE2 3.3.0
2026-01-31 15:05:17,954 [INFO] ThirdParty:1030 - CMSIS Pack Vendor :Infineon AIROC-Wi-Fi-Bluetooth-STM32 1.8.0
2026-01-31 15:05:17,954 [INFO] ThirdParty:1030 - CMSIS Pack Vendor :STMicroelectronics PDM2PCM 3.2.0
2026-01-31 15:05:17,954 [INFO] ThirdParty:841 - exiting critical section [change project]
2026-01-31 15:05:18,338 [INFO] PinOutPanel:1561 - setPackage(No Configuration,No Configuration)
2026-01-31 15:05:18,339 [INFO] PinOutPanel:1561 - setPackage(STM32F407VGTx,LQFP100)
2026-01-31 15:05:18,805 [INFO] UtilMem:75 - Before build in PCC Used Memory: 727695872 Bytes (1073741824)
2026-01-31 15:05:19,771 [INFO] UtilMem:75 - After build in PCC Used Memory: 765098304 Bytes (1073741824)
2026-01-31 15:05:19,801 [INFO] IPUIPlugin:80 - create IPUIPlugin
2026-01-31 15:05:19,801 [INFO] IPUIPlugin:80 - create IPUIPlugin
2026-01-31 15:05:19,801 [INFO] IPUIPlugin:80 - create IPUIPlugin
2026-01-31 15:05:19,801 [INFO] IPUIPlugin:80 - create IPUIPlugin
2026-01-31 15:05:19,801 [INFO] IPUIPlugin:80 - create IPUIPlugin
2026-01-31 15:05:19,802 [INFO] IPUIPlugin:80 - create IPUIPlugin
2026-01-31 15:05:19,802 [INFO] IPUIPlugin:80 - create IPUIPlugin
2026-01-31 15:05:19,802 [INFO] IPUIPlugin:80 - create IPUIPlugin
2026-01-31 15:05:19,802 [INFO] IPUIPlugin:80 - create IPUIPlugin
2026-01-31 15:05:19,802 [INFO] IPUIPlugin:80 - create IPUIPlugin
2026-01-31 15:05:19,802 [INFO] IPUIPlugin:80 - create IPUIPlugin
2026-01-31 15:05:19,802 [INFO] IPUIPlugin:80 - create IPUIPlugin
2026-01-31 15:05:19,802 [INFO] IPUIPlugin:80 - create IPUIPlugin
2026-01-31 15:05:19,803 [INFO] IPUIPlugin:80 - create IPUIPlugin
2026-01-31 15:05:19,803 [INFO] IPUIPlugin:80 - create IPUIPlugin
2026-01-31 15:05:19,803 [INFO] IPUIPlugin:80 - create IPUIPlugin
2026-01-31 15:05:19,803 [INFO] IPUIPlugin:80 - create IPUIPlugin
2026-01-31 15:05:19,803 [INFO] IPUIPlugin:80 - create IPUIPlugin
2026-01-31 15:05:19,803 [INFO] IPUIPlugin:80 - create IPUIPlugin
2026-01-31 15:05:19,803 [INFO] IPUIPlugin:80 - create IPUIPlugin
2026-01-31 15:05:19,803 [INFO] IPUIPlugin:80 - create IPUIPlugin
2026-01-31 15:05:19,804 [INFO] IPUIPlugin:80 - create IPUIPlugin
2026-01-31 15:05:19,804 [INFO] IPUIPlugin:80 - create IPUIPlugin
2026-01-31 15:05:19,804 [INFO] IPUIPlugin:80 - create IPUIPlugin
2026-01-31 15:05:19,804 [INFO] IPUIPlugin:80 - create IPUIPlugin
2026-01-31 15:05:19,804 [INFO] IPUIPlugin:80 - create IPUIPlugin
2026-01-31 15:05:19,805 [INFO] IPUIPlugin:80 - create IPUIPlugin
2026-01-31 15:05:19,805 [INFO] IPUIPlugin:80 - create IPUIPlugin
2026-01-31 15:05:19,805 [INFO] IPUIPlugin:80 - create IPUIPlugin
2026-01-31 15:05:19,805 [INFO] IPUIPlugin:80 - create IPUIPlugin
2026-01-31 15:05:19,805 [INFO] IPUIPlugin:80 - create IPUIPlugin
2026-01-31 15:05:19,805 [INFO] IPUIPlugin:80 - create IPUIPlugin
2026-01-31 15:05:19,806 [INFO] IPUIPlugin:80 - create IPUIPlugin
2026-01-31 15:05:19,806 [INFO] IPUIPlugin:80 - create IPUIPlugin
2026-01-31 15:05:19,806 [INFO] IPUIPlugin:80 - create IPUIPlugin
2026-01-31 15:05:19,806 [INFO] IPUIPlugin:80 - create IPUIPlugin
2026-01-31 15:05:19,806 [INFO] IPUIPlugin:80 - create IPUIPlugin
2026-01-31 15:05:19,807 [INFO] IPUIPlugin:80 - create IPUIPlugin
2026-01-31 15:05:19,807 [INFO] IPUIPlugin:80 - create IPUIPlugin
2026-01-31 15:05:19,807 [INFO] IPUIPlugin:80 - create IPUIPlugin
2026-01-31 15:05:19,808 [INFO] IPUIPlugin:80 - create IPUIPlugin
2026-01-31 15:05:19,808 [INFO] IPUIPlugin:80 - create IPUIPlugin
2026-01-31 15:05:19,808 [INFO] IPUIPlugin:80 - create IPUIPlugin
2026-01-31 15:05:19,808 [INFO] IPUIPlugin:80 - create IPUIPlugin
2026-01-31 15:05:19,809 [INFO] IPUIPlugin:80 - create IPUIPlugin
2026-01-31 15:05:19,809 [INFO] IPUIPlugin:80 - create IPUIPlugin
2026-01-31 15:05:19,809 [INFO] IPUIPlugin:80 - create IPUIPlugin
2026-01-31 15:05:19,810 [INFO] IPUIPlugin:80 - create IPUIPlugin
2026-01-31 15:05:19,810 [INFO] IPUIPlugin:80 - create IPUIPlugin
2026-01-31 15:05:19,810 [INFO] IPUIPlugin:80 - create IPUIPlugin
2026-01-31 15:05:19,811 [INFO] IPUIPlugin:80 - create IPUIPlugin
2026-01-31 15:05:19,811 [INFO] IPUIPlugin:80 - create IPUIPlugin
2026-01-31 15:05:19,811 [INFO] IPUIPlugin:80 - create IPUIPlugin
2026-01-31 15:05:19,812 [INFO] IPUIPlugin:80 - create IPUIPlugin
2026-01-31 15:05:19,813 [INFO] IPUIPlugin:80 - create IPUIPlugin
2026-01-31 15:05:19,814 [INFO] IPUIPlugin:80 - create IPUIPlugin
2026-01-31 15:05:19,814 [INFO] IPUIPlugin:80 - create IPUIPlugin
2026-01-31 15:05:19,814 [INFO] IPUIPlugin:80 - create IPUIPlugin
2026-01-31 15:05:19,965 [INFO] ApiDbMcu:508 - Load IP Config File for PDM2PCM
2026-01-31 15:05:20,208 [INFO] CADModel:165 - CPN selected for project levelSTM32F407VGT6
2026-01-31 15:05:20,208 [INFO] CADModel:114 - Register for checkConnection events
2026-01-31 15:05:20,248 [INFO] OpenFileManager:343 - Restore cursor
2026-01-31 15:05:22,842 [INFO] UtilMem:75 - End SaveConfig() Used Memory: 897224200 Bytes (1073741824)
2026-01-31 15:05:22,918 [INFO] UtilMem:75 - End SaveConfig() Used Memory: 920886728 Bytes (1073741824)
2026-01-31 15:05:23,331 [INFO] BlockDiagram:2759 - set Specific Code input for plugin: RCC
2026-01-31 15:05:23,331 [INFO] BlockDiagram:2759 - set Specific Code input for plugin: NVIC
2026-01-31 15:05:23,333 [INFO] CodeGenerator:807 - code generatio: config db path: C:\ST\STM32CubeIDE_1.15.1\STM32CubeIDE\plugins\com.st.stm32cube.common.mx_6.11.1.202404110753\\db\
2026-01-31 15:05:23,596 [INFO] CodeEngine:255 - oldGeneratedFile, C:\Users\veyre\STM32CubeIDE\workspace_1.15.1\23_SPI_LIS302DL\MXTmpFiles\license.tmp_save
2026-01-31 15:05:23,979 [INFO] CodeEngine:279 - Generated code: C:\Users\veyre\STM32CubeIDE\workspace_1.15.1\23_SPI_LIS302DL\MXTmpFiles\license.tmp
2026-01-31 15:05:24,006 [INFO] CodeEngine:255 - oldGeneratedFile, C:\Users\veyre\STM32CubeIDE\workspace_1.15.1\23_SPI_LIS302DL\Core\Src\stm32f4xx_it.c_save
2026-01-31 15:05:24,203 [INFO] CodeEngine:279 - Generated code: C:\Users\veyre\STM32CubeIDE\workspace_1.15.1\23_SPI_LIS302DL\Core\Src\stm32f4xx_it.c
2026-01-31 15:05:24,219 [INFO] CodeEngine:255 - oldGeneratedFile, C:\Users\veyre\STM32CubeIDE\workspace_1.15.1\23_SPI_LIS302DL\Core\Inc\stm32f4xx_it.h_save
2026-01-31 15:05:24,348 [INFO] CodeEngine:279 - Generated code: C:\Users\veyre\STM32CubeIDE\workspace_1.15.1\23_SPI_LIS302DL\Core\Inc\stm32f4xx_it.h
2026-01-31 15:05:24,490 [INFO] CodeEngine:255 - oldGeneratedFile, C:\Users\veyre\STM32CubeIDE\workspace_1.15.1\23_SPI_LIS302DL\Core\Src\stm32f4xx_hal_msp.c_save
2026-01-31 15:05:24,681 [INFO] CodeEngine:279 - Generated code: C:\Users\veyre\STM32CubeIDE\workspace_1.15.1\23_SPI_LIS302DL\Core\Src\stm32f4xx_hal_msp.c
2026-01-31 15:05:24,704 [INFO] CodeEngine:255 - oldGeneratedFile, C:\Users\veyre\STM32CubeIDE\workspace_1.15.1\23_SPI_LIS302DL\MXTmpFiles\system.tmp_save
2026-01-31 15:05:24,799 [INFO] CodeEngine:279 - Generated code: C:\Users\veyre\STM32CubeIDE\workspace_1.15.1\23_SPI_LIS302DL\MXTmpFiles\system.tmp
2026-01-31 15:05:24,820 [INFO] CodeEngine:311 - oldGeneratedFile, C:\Users\veyre\STM32CubeIDE\workspace_1.15.1\23_SPI_LIS302DL\Core\Inc\stm32f4xx_hal_conf.h_save
2026-01-31 15:05:24,959 [INFO] CodeEngine:335 - Generated code: C:\Users\veyre\STM32CubeIDE\workspace_1.15.1\23_SPI_LIS302DL\Core\Inc\stm32f4xx_hal_conf.h
2026-01-31 15:05:25,045 [INFO] CodeEngine:255 - oldGeneratedFile, C:\Users\veyre\STM32CubeIDE\workspace_1.15.1\23_SPI_LIS302DL\Core\Inc\main.h_save
2026-01-31 15:05:25,182 [INFO] CodeEngine:279 - Generated code: C:\Users\veyre\STM32CubeIDE\workspace_1.15.1\23_SPI_LIS302DL\Core\Inc\main.h
2026-01-31 15:05:25,200 [INFO] CodeEngine:255 - oldGeneratedFile, C:\Users\veyre\STM32CubeIDE\workspace_1.15.1\23_SPI_LIS302DL\Core\Src\main.c_save
2026-01-31 15:05:25,369 [INFO] CodeEngine:279 - Generated code: C:\Users\veyre\STM32CubeIDE\workspace_1.15.1\23_SPI_LIS302DL\Core\Src\main.c
2026-01-31 15:05:25,742 [INFO] ProjectBuilder:3163 - Time for Copy HAL[1] : 187mS.
2026-01-31 15:05:25,747 [INFO] ProjectBuilder:4736 - Project Generator version: 4.3.0-B58
2026-01-31 15:05:25,828 [INFO] ConfigFileManager:1503 - The Die is : DIE413
2026-01-31 15:05:25,853 [INFO] ApiDbMcu:508 - Load IP Config File for FATFS
2026-01-31 15:05:25,874 [INFO] ApiDbMcu:508 - Load IP Config File for FREERTOS
2026-01-31 15:05:25,889 [INFO] ApiDbMcu:508 - Load IP Config File for LIBJPEG
2026-01-31 15:05:25,908 [INFO] ApiDbMcu:508 - Load IP Config File for LWIP
2026-01-31 15:05:25,928 [INFO] ApiDbMcu:508 - Load IP Config File for MBEDTLS
2026-01-31 15:05:25,948 [INFO] ApiDbMcu:508 - Load IP Config File for USB_DEVICE
2026-01-31 15:05:26,001 [INFO] ApiDbMcu:508 - Load IP Config File for USB_HOST
2026-01-31 15:05:26,832 [INFO] LogOutputStream:77 - [STDOUT_REDIRECT] 
2026-01-31 15:05:30,385 [INFO] ProjectBuilder:5002 - Time for Generating toolchain IDE Files: 4638mS.
2026-01-31 15:05:30,386 [INFO] ProjectBuilder:3034 - Time for Copy CMSIS : 1mS.
2026-01-31 15:05:30,390 [INFO] ProjectBuilder:3034 - Time for Copy CMSIS : 0mS.
2026-01-31 15:05:31,614 [INFO] McuFinderGlobals:76 - Set McuFinderConnectedMode to true
2026-01-31 15:05:31,618 [INFO] ApiDb:448 - Save user favorites file C:\Users\veyre/.stm32cubeide/favorites.mcus.txt: 0 item(s)
2026-01-31 15:05:31,618 [INFO] ApiDb:452 - User favorites MCUs=[]
2026-01-31 15:06:28,194 [INFO] NvicIntPanel:101 - NVIC parent = com.st.microxplorer.plugins.ip.nvic.MultiNvicIntPanel[,0,0,0x0,invalid,layout=javax.swing.BoxLayout,alignmentX=0.0,alignmentY=0.0,border=,flags=9,maximumSize=,minimumSize=,preferredSize=]
2026-01-31 15:08:10,263 [INFO] Gpio:277 - dependency for GPIO [SPI1]
2026-01-31 15:08:52,058 [INFO] Gpio:277 - dependency for GPIO [SPI1]
2026-01-31 15:08:53,672 [INFO] Gpio:277 - dependency for GPIO [SPI1]
2026-01-31 15:08:55,429 [INFO] Gpio:277 - dependency for GPIO [SPI1]
2026-01-31 15:08:58,194 [INFO] Gpio:277 - dependency for GPIO [SPI1]
2026-01-31 15:09:03,304 [INFO] Gpio:277 - dependency for GPIO [SPI1]
2026-01-31 15:12:46,624 [INFO] NvicIntPanel:101 - NVIC parent = com.st.microxplorer.plugins.ip.nvic.MultiNvicIntPanel[,0,0,0x0,invalid,layout=javax.swing.BoxLayout,alignmentX=0.0,alignmentY=0.0,border=,flags=9,maximumSize=,minimumSize=,preferredSize=]
2026-01-31 15:14:17,038 [INFO] NvicIntPanel:101 - NVIC parent = com.st.microxplorer.plugins.ip.nvic.MultiNvicIntPanel[,0,0,0x0,invalid,layout=javax.swing.BoxLayout,alignmentX=0.0,alignmentY=0.0,border=,flags=9,maximumSize=,minimumSize=,preferredSize=]
2026-01-31 15:14:17,118 [INFO] NvicIntPanel:101 - NVIC parent = com.st.microxplorer.plugins.ip.nvic.MultiNvicIntPanel[,0,0,0x0,invalid,layout=javax.swing.BoxLayout,alignmentX=0.0,alignmentY=0.0,border=,flags=9,maximumSize=,minimumSize=,preferredSize=]
2026-01-31 15:14:18,593 [INFO] NvicIntPanel:101 - NVIC parent = com.st.microxplorer.plugins.ip.nvic.MultiNvicIntPanel[,0,0,0x0,invalid,layout=javax.swing.BoxLayout,alignmentX=0.0,alignmentY=0.0,border=,flags=9,maximumSize=,minimumSize=,preferredSize=]
2026-01-31 15:14:18,659 [INFO] NvicIntPanel:101 - NVIC parent = com.st.microxplorer.plugins.ip.nvic.MultiNvicIntPanel[,0,0,0x0,invalid,layout=javax.swing.BoxLayout,alignmentX=0.0,alignmentY=0.0,border=,flags=9,maximumSize=,minimumSize=,preferredSize=]
2026-01-31 15:14:22,430 [INFO] NvicIntPanel:101 - NVIC parent = com.st.microxplorer.plugins.ip.nvic.MultiNvicIntPanel[,0,0,0x0,invalid,layout=javax.swing.BoxLayout,alignmentX=0.0,alignmentY=0.0,border=,flags=9,maximumSize=,minimumSize=,preferredSize=]
2026-01-31 15:14:22,499 [INFO] NvicIntPanel:101 - NVIC parent = com.st.microxplorer.plugins.ip.nvic.MultiNvicIntPanel[,0,0,0x0,invalid,layout=javax.swing.BoxLayout,alignmentX=0.0,alignmentY=0.0,border=,flags=9,maximumSize=,minimumSize=,preferredSize=]
2026-01-31 15:14:23,577 [INFO] NvicIntPanel:101 - NVIC parent = com.st.microxplorer.plugins.ip.nvic.MultiNvicIntPanel[,0,0,0x0,invalid,layout=javax.swing.BoxLayout,alignmentX=0.0,alignmentY=0.0,border=,flags=9,maximumSize=,minimumSize=,preferredSize=]
2026-01-31 15:14:23,638 [INFO] NvicIntPanel:101 - NVIC parent = com.st.microxplorer.plugins.ip.nvic.MultiNvicIntPanel[,0,0,0x0,invalid,layout=javax.swing.BoxLayout,alignmentX=0.0,alignmentY=0.0,border=,flags=9,maximumSize=,minimumSize=,preferredSize=]
2026-01-31 15:17:12,344 [INFO] Gpio:277 - dependency for GPIO [SPI1]
2026-01-31 15:18:53,890 [INFO] NvicIntPanel:101 - NVIC parent = com.st.microxplorer.plugins.ip.nvic.MultiNvicIntPanel[,0,0,0x0,invalid,layout=javax.swing.BoxLayout,alignmentX=0.0,alignmentY=0.0,border=,flags=9,maximumSize=,minimumSize=,preferredSize=]
2026-01-31 15:23:51,161 [INFO] NvicIntPanel:101 - NVIC parent = com.st.microxplorer.plugins.ip.nvic.MultiNvicIntPanel[,0,0,0x0,invalid,layout=javax.swing.BoxLayout,alignmentX=0.0,alignmentY=0.0,border=,flags=9,maximumSize=,minimumSize=,preferredSize=]
2026-01-31 15:23:54,615 [INFO] NvicIntPanel:101 - NVIC parent = com.st.microxplorer.plugins.ip.nvic.MultiNvicIntPanel[,0,0,0x0,invalid,layout=javax.swing.BoxLayout,alignmentX=0.0,alignmentY=0.0,border=,flags=9,maximumSize=,minimumSize=,preferredSize=]
2026-01-31 15:23:59,521 [INFO] NvicIntPanel:101 - NVIC parent = com.st.microxplorer.plugins.ip.nvic.MultiNvicIntPanel[,0,0,0x0,invalid,layout=javax.swing.BoxLayout,alignmentX=0.0,alignmentY=0.0,border=,flags=9,maximumSize=,minimumSize=,preferredSize=]
2026-01-31 15:24:04,347 [INFO] NvicIntPanel:101 - NVIC parent = com.st.microxplorer.plugins.ip.nvic.MultiNvicIntPanel[,0,0,0x0,invalid,layout=javax.swing.BoxLayout,alignmentX=0.0,alignmentY=0.0,border=,flags=9,maximumSize=,minimumSize=,preferredSize=]
2026-01-31 15:24:06,383 [INFO] NvicIntPanel:101 - NVIC parent = com.st.microxplorer.plugins.ip.nvic.MultiNvicIntPanel[,0,0,0x0,invalid,layout=javax.swing.BoxLayout,alignmentX=0.0,alignmentY=0.0,border=,flags=9,maximumSize=,minimumSize=,preferredSize=]
2026-01-31 15:24:06,434 [INFO] NvicIntPanel:101 - NVIC parent = com.st.microxplorer.plugins.ip.nvic.MultiNvicIntPanel[,0,0,0x0,invalid,layout=javax.swing.BoxLayout,alignmentX=0.0,alignmentY=0.0,border=,flags=9,maximumSize=,minimumSize=,preferredSize=]
2026-01-31 15:26:54,416 [INFO] UtilMem:75 - End SaveConfig() Used Memory: 877289296 Bytes (1073741824)
2026-01-31 15:26:55,876 [INFO] UtilMem:75 - End SaveConfig() Used Memory: 725846488 Bytes (1073741824)
2026-01-31 15:26:56,131 [INFO] BlockDiagram:2759 - set Specific Code input for plugin: SPI
2026-01-31 15:26:56,131 [INFO] BlockDiagram:2759 - set Specific Code input for plugin: SYS
2026-01-31 15:26:56,131 [INFO] BlockDiagram:2759 - set Specific Code input for plugin: RCC
2026-01-31 15:26:56,131 [INFO] BlockDiagram:2759 - set Specific Code input for plugin: NVIC
2026-01-31 15:26:56,131 [INFO] BlockDiagram:2759 - set Specific Code input for plugin: GPIO
2026-01-31 15:26:56,133 [INFO] CodeGenerator:807 - code generatio: config db path: C:\ST\STM32CubeIDE_1.15.1\STM32CubeIDE\plugins\com.st.stm32cube.common.mx_6.11.1.202404110753\\db\
2026-01-31 15:26:56,216 [INFO] CodeEngine:255 - oldGeneratedFile, C:\Users\veyre\STM32CubeIDE\workspace_1.15.1\23_SPI_LIS302DL\MXTmpFiles\license.tmp_save
2026-01-31 15:26:56,340 [INFO] CodeEngine:279 - Generated code: C:\Users\veyre\STM32CubeIDE\workspace_1.15.1\23_SPI_LIS302DL\MXTmpFiles\license.tmp
2026-01-31 15:26:56,439 [INFO] CodeEngine:255 - oldGeneratedFile, C:\Users\veyre\STM32CubeIDE\workspace_1.15.1\23_SPI_LIS302DL\MXTmpFiles\gpio.tmp_save
2026-01-31 15:26:56,541 [INFO] CodeEngine:279 - Generated code: C:\Users\veyre\STM32CubeIDE\workspace_1.15.1\23_SPI_LIS302DL\MXTmpFiles\gpio.tmp
2026-01-31 15:26:56,635 [INFO] CodeEngine:255 - oldGeneratedFile, C:\Users\veyre\STM32CubeIDE\workspace_1.15.1\23_SPI_LIS302DL\Core\Src\stm32f4xx_it.c_save
2026-01-31 15:26:56,772 [INFO] CodeEngine:279 - Generated code: C:\Users\veyre\STM32CubeIDE\workspace_1.15.1\23_SPI_LIS302DL\Core\Src\stm32f4xx_it.c
2026-01-31 15:26:56,776 [INFO] CodeEngine:255 - oldGeneratedFile, C:\Users\veyre\STM32CubeIDE\workspace_1.15.1\23_SPI_LIS302DL\Core\Inc\stm32f4xx_it.h_save
2026-01-31 15:26:56,820 [INFO] CodeEngine:279 - Generated code: C:\Users\veyre\STM32CubeIDE\workspace_1.15.1\23_SPI_LIS302DL\Core\Inc\stm32f4xx_it.h
2026-01-31 15:26:56,840 [INFO] CodeEngine:255 - oldGeneratedFile, C:\Users\veyre\STM32CubeIDE\workspace_1.15.1\23_SPI_LIS302DL\Core\Src\stm32f4xx_hal_msp.c_save
2026-01-31 15:26:56,961 [INFO] CodeEngine:279 - Generated code: C:\Users\veyre\STM32CubeIDE\workspace_1.15.1\23_SPI_LIS302DL\Core\Src\stm32f4xx_hal_msp.c
2026-01-31 15:26:56,965 [INFO] CodeEngine:255 - oldGeneratedFile, C:\Users\veyre\STM32CubeIDE\workspace_1.15.1\23_SPI_LIS302DL\MXTmpFiles\system.tmp_save
2026-01-31 15:26:57,005 [INFO] CodeEngine:279 - Generated code: C:\Users\veyre\STM32CubeIDE\workspace_1.15.1\23_SPI_LIS302DL\MXTmpFiles\system.tmp
2026-01-31 15:26:57,023 [INFO] CodeEngine:311 - oldGeneratedFile, C:\Users\veyre\STM32CubeIDE\workspace_1.15.1\23_SPI_LIS302DL\Core\Inc\stm32f4xx_hal_conf.h_save
2026-01-31 15:26:57,109 [INFO] CodeEngine:335 - Generated code: C:\Users\veyre\STM32CubeIDE\workspace_1.15.1\23_SPI_LIS302DL\Core\Inc\stm32f4xx_hal_conf.h
2026-01-31 15:26:57,160 [INFO] CodeEngine:255 - oldGeneratedFile, C:\Users\veyre\STM32CubeIDE\workspace_1.15.1\23_SPI_LIS302DL\Core\Inc\main.h_save
2026-01-31 15:26:57,261 [INFO] CodeEngine:279 - Generated code: C:\Users\veyre\STM32CubeIDE\workspace_1.15.1\23_SPI_LIS302DL\Core\Inc\main.h
2026-01-31 15:26:57,281 [INFO] CodeEngine:255 - oldGeneratedFile, C:\Users\veyre\STM32CubeIDE\workspace_1.15.1\23_SPI_LIS302DL\Core\Src\main.c_save
2026-01-31 15:26:57,396 [INFO] CodeEngine:279 - Generated code: C:\Users\veyre\STM32CubeIDE\workspace_1.15.1\23_SPI_LIS302DL\Core\Src\main.c
2026-01-31 15:26:57,638 [INFO] ProjectBuilder:3163 - Time for Copy HAL[1] : 129mS.
2026-01-31 15:26:57,641 [INFO] ProjectBuilder:4736 - Project Generator version: 4.3.0-B58
2026-01-31 15:26:57,690 [INFO] ConfigFileManager:1503 - The Die is : DIE413
2026-01-31 15:26:59,113 [INFO] ProjectBuilder:5002 - Time for Generating toolchain IDE Files: 1472mS.
2026-01-31 15:26:59,114 [INFO] ProjectBuilder:3034 - Time for Copy CMSIS : 1mS.
2026-01-31 15:26:59,116 [INFO] ProjectBuilder:3034 - Time for Copy CMSIS : 1mS.
2026-01-31 17:03:47,138 [ERROR] LogOutputStream:75 - [STDERR_REDIRECT] 
2026-01-31 17:03:47,139 [ERROR] LogOutputStream:75 - [STDERR_REDIRECT] 
